<?xml version="1.0" encoding="UTF-8"?>
<!-- Generated by org.testng.reporters.JUnitXMLReporter -->
<testsuite hostname="sbv6-Vostro-3268" ignored="0" name="Default test" tests="742" failures="0" timestamp="09 Jul 2019 12:18:06 GMT" time="6242.733" errors="0">
  <testcase name="@BeforeMethod start" time="9.588" classname="company.AreaBase">
    <failure type="org.openqa.selenium.WebDriverException" message="unknown error: failed to change window state to maximized, current state is normal
  (Session info: chrome=69.0.3497.100)
  (Driver info: chromedriver=2.37.544315 (730aa6a5fdba159ac9f4c1e8cbc59bf1b5ce12b7),platform=Linux 4.4.0-154-generic x86_64) (WARNING: The server did not provide any stacktrace information)
Command duration or timeout: 0 milliseconds
Build info: version: &amp;apos;3.7.1&amp;apos;, revision: &amp;apos;8a0099a&amp;apos;, time: &amp;apos;2017-11-06T21:01:39.354Z&amp;apos;
System info: host: &amp;apos;sbv6-Vostro-3268&amp;apos;, ip: &amp;apos;127.0.1.1&amp;apos;, os.name: &amp;apos;Linux&amp;apos;, os.arch: &amp;apos;amd64&amp;apos;, os.version: &amp;apos;4.4.0-154-generic&amp;apos;, java.version: &amp;apos;1.8.0_212&amp;apos;
Driver info: org.openqa.selenium.chrome.ChromeDriver
Capabilities {acceptInsecureCerts: false, acceptSslCerts: false, applicationCacheEnabled: false, browserConnectionEnabled: false, browserName: chrome, chrome: {chromedriverVersion: 2.37.544315 (730aa6a5fdba15..., userDataDir: /tmp/.org.chromium.Chromium...}, cssSelectorsEnabled: true, databaseEnabled: false, handlesAlerts: true, hasTouchScreen: false, javascriptEnabled: true, locationContextEnabled: true, mobileEmulationEnabled: false, nativeEvents: true, networkConnectionEnabled: false, pageLoadStrategy: normal, platform: LINUX, platformName: LINUX, rotatable: false, setWindowRect: true, takesHeapSnapshot: true, takesScreenshot: true, unexpectedAlertBehaviour: , unhandledPromptBehavior: , version: 69.0.3497.100, webStorageEnabled: true}
Session ID: ccccceaa74c81b204141ba95f2c23e77">
      <![CDATA[org.openqa.selenium.WebDriverException: unknown error: failed to change window state to maximized, current state is normal
  (Session info: chrome=69.0.3497.100)
  (Driver info: chromedriver=2.37.544315 (730aa6a5fdba159ac9f4c1e8cbc59bf1b5ce12b7),platform=Linux 4.4.0-154-generic x86_64) (WARNING: The server did not provide any stacktrace information)
Command duration or timeout: 0 milliseconds
Build info: version: '3.7.1', revision: '8a0099a', time: '2017-11-06T21:01:39.354Z'
System info: host: 'sbv6-Vostro-3268', ip: '127.0.1.1', os.name: 'Linux', os.arch: 'amd64', os.version: '4.4.0-154-generic', java.version: '1.8.0_212'
Driver info: org.openqa.selenium.chrome.ChromeDriver
Capabilities {acceptInsecureCerts: false, acceptSslCerts: false, applicationCacheEnabled: false, browserConnectionEnabled: false, browserName: chrome, chrome: {chromedriverVersion: 2.37.544315 (730aa6a5fdba15..., userDataDir: /tmp/.org.chromium.Chromium...}, cssSelectorsEnabled: true, databaseEnabled: false, handlesAlerts: true, hasTouchScreen: false, javascriptEnabled: true, locationContextEnabled: true, mobileEmulationEnabled: false, nativeEvents: true, networkConnectionEnabled: false, pageLoadStrategy: normal, platform: LINUX, platformName: LINUX, rotatable: false, setWindowRect: true, takesHeapSnapshot: true, takesScreenshot: true, unexpectedAlertBehaviour: , unhandledPromptBehavior: , version: 69.0.3497.100, webStorageEnabled: true}
Session ID: ccccceaa74c81b204141ba95f2c23e77
	at sun.reflect.NativeConstructorAccessorImpl.newInstance0(Native Method)
	at sun.reflect.NativeConstructorAccessorImpl.newInstance(NativeConstructorAccessorImpl.java:62)
	at sun.reflect.DelegatingConstructorAccessorImpl.newInstance(DelegatingConstructorAccessorImpl.java:45)
	at java.lang.reflect.Constructor.newInstance(Constructor.java:423)
	at org.openqa.selenium.remote.ErrorHandler.createThrowable(ErrorHandler.java:214)
	at org.openqa.selenium.remote.ErrorHandler.throwIfResponseFailed(ErrorHandler.java:166)
	at org.openqa.selenium.remote.http.JsonHttpResponseCodec.reconstructValue(JsonHttpResponseCodec.java:40)
	at org.openqa.selenium.remote.http.AbstractHttpResponseCodec.decode(AbstractHttpResponseCodec.java:80)
	at org.openqa.selenium.remote.http.AbstractHttpResponseCodec.decode(AbstractHttpResponseCodec.java:44)
	at org.openqa.selenium.remote.HttpCommandExecutor.execute(HttpCommandExecutor.java:164)
	at org.openqa.selenium.remote.service.DriverCommandExecutor.execute(DriverCommandExecutor.java:83)
	at org.openqa.selenium.remote.RemoteWebDriver.execute(RemoteWebDriver.java:600)
	at org.openqa.selenium.remote.RemoteWebDriver.execute(RemoteWebDriver.java:657)
	at org.openqa.selenium.remote.RemoteWebDriver$RemoteWebDriverOptions$RemoteWindow.maximize(RemoteWebDriver.java:891)
	at company.AreaBase.start(AreaBase.java:21)
	at sun.reflect.GeneratedMethodAccessor1.invoke(Unknown Source)
	at sun.reflect.DelegatingMethodAccessorImpl.invoke(DelegatingMethodAccessorImpl.java:43)
	at java.lang.reflect.Method.invoke(Method.java:498)
	at org.testng.internal.MethodInvocationHelper.invokeMethod(MethodInvocationHelper.java:108)
	at org.testng.internal.Invoker.invokeConfigurationMethod(Invoker.java:523)
	at org.testng.internal.Invoker.invokeConfigurations(Invoker.java:224)
	at org.testng.internal.Invoker.invokeMethod(Invoker.java:599)
	at org.testng.internal.Invoker.invokeTestMethod(Invoker.java:869)
	at org.testng.internal.Invoker.invokeTestMethods(Invoker.java:1193)
	at org.testng.internal.TestMethodWorker.invokeTestMethods(TestMethodWorker.java:126)
	at org.testng.internal.TestMethodWorker.run(TestMethodWorker.java:109)
	at org.testng.TestRunner.privateRun(TestRunner.java:744)
	at org.testng.TestRunner.run(TestRunner.java:602)
	at org.testng.SuiteRunner.runTest(SuiteRunner.java:380)
	at org.testng.SuiteRunner.runSequentially(SuiteRunner.java:375)
	at org.testng.SuiteRunner.privateRun(SuiteRunner.java:340)
	at org.testng.SuiteRunner.run(SuiteRunner.java:289)
	at org.testng.SuiteRunnerWorker.runSuite(SuiteRunnerWorker.java:52)
	at org.testng.SuiteRunnerWorker.run(SuiteRunnerWorker.java:86)
	at org.testng.TestNG.runSuitesSequentially(TestNG.java:1301)
	at org.testng.TestNG.runSuitesLocally(TestNG.java:1226)
	at org.testng.TestNG.runSuites(TestNG.java:1144)
	at org.testng.TestNG.run(TestNG.java:1115)
	at org.testng.remote.AbstractRemoteTestNG.run(AbstractRemoteTestNG.java:114)
	at org.testng.remote.RemoteTestNG.initAndRun(RemoteTestNG.java:251)
	at org.testng.remote.RemoteTestNG.main(RemoteTestNG.java:77)
]]>
    </failure>
  </testcase> <!-- @BeforeMethod start -->
  <testcase name="@BeforeMethod start" time="0.0" classname="company.AreaBase">
    <skipped/>
  </testcase> <!-- @BeforeMethod start -->
  <testcase name="@BeforeMethod start" time="0.0" classname="company.AreaBase">
    <skipped/>
  </testcase> <!-- @BeforeMethod start -->
  <testcase name="@BeforeMethod start" time="0.0" classname="company.AreaBase">
    <skipped/>
  </testcase> <!-- @BeforeMethod start -->
  <testcase name="@BeforeMethod start" time="0.0" classname="company.AreaBase">
    <skipped/>
  </testcase> <!-- @BeforeMethod start -->
  <testcase name="@BeforeMethod start" time="0.0" classname="company.AreaBase">
    <skipped/>
  </testcase> <!-- @BeforeMethod start -->
  <testcase name="@BeforeMethod start" time="0.0" classname="company.AreaBase">
    <skipped/>
  </testcase> <!-- @BeforeMethod start -->
  <testcase name="@BeforeMethod start" time="0.0" classname="company.AreaBase">
    <skipped/>
  </testcase> <!-- @BeforeMethod start -->
  <testcase name="@BeforeMethod start" time="0.0" classname="company.AreaBase">
    <skipped/>
  </testcase> <!-- @BeforeMethod start -->
  <testcase name="@BeforeMethod start" time="0.0" classname="company.AreaBase">
    <skipped/>
  </testcase> <!-- @BeforeMethod start -->
  <testcase name="@BeforeMethod start" time="0.0" classname="company.AreaBase">
    <skipped/>
  </testcase> <!-- @BeforeMethod start -->
  <testcase name="@BeforeMethod start" time="0.0" classname="company.AreaBase">
    <skipped/>
  </testcase> <!-- @BeforeMethod start -->
  <testcase name="@BeforeMethod start" time="0.0" classname="company.AreaBase">
    <skipped/>
  </testcase> <!-- @BeforeMethod start -->
  <testcase name="@BeforeMethod start" time="0.0" classname="company.AreaBase">
    <skipped/>
  </testcase> <!-- @BeforeMethod start -->
  <testcase name="@BeforeMethod start" time="0.0" classname="company.AreaBase">
    <skipped/>
  </testcase> <!-- @BeforeMethod start -->
  <testcase name="@BeforeMethod start" time="0.0" classname="company.AreaBase">
    <skipped/>
  </testcase> <!-- @BeforeMethod start -->
  <testcase name="@BeforeMethod start" time="0.0" classname="company.AreaBase">
    <skipped/>
  </testcase> <!-- @BeforeMethod start -->
  <testcase name="@BeforeMethod start" time="0.0" classname="company.AreaBase">
    <skipped/>
  </testcase> <!-- @BeforeMethod start -->
  <testcase name="@BeforeMethod start" time="0.0" classname="company.AreaBase">
    <skipped/>
  </testcase> <!-- @BeforeMethod start -->
  <testcase name="@BeforeMethod start" time="0.0" classname="company.AreaBase">
    <skipped/>
  </testcase> <!-- @BeforeMethod start -->
  <testcase name="@BeforeMethod start" time="0.0" classname="company.AreaBase">
    <skipped/>
  </testcase> <!-- @BeforeMethod start -->
  <testcase name="@BeforeMethod start" time="0.0" classname="company.AreaBase">
    <skipped/>
  </testcase> <!-- @BeforeMethod start -->
  <testcase name="@BeforeMethod start" time="0.0" classname="company.AreaBase">
    <skipped/>
  </testcase> <!-- @BeforeMethod start -->
  <testcase name="@BeforeMethod start" time="0.0" classname="company.AreaBase">
    <skipped/>
  </testcase> <!-- @BeforeMethod start -->
  <testcase name="@BeforeMethod start" time="0.0" classname="company.AreaBase">
    <skipped/>
  </testcase> <!-- @BeforeMethod start -->
  <testcase name="@BeforeMethod start" time="0.0" classname="company.AreaBase">
    <skipped/>
  </testcase> <!-- @BeforeMethod start -->
  <testcase name="@BeforeMethod start" time="0.0" classname="company.AreaBase">
    <skipped/>
  </testcase> <!-- @BeforeMethod start -->
  <testcase name="@BeforeMethod start" time="0.0" classname="company.AreaBase">
    <skipped/>
  </testcase> <!-- @BeforeMethod start -->
  <testcase name="@BeforeMethod start" time="0.0" classname="company.AreaBase">
    <skipped/>
  </testcase> <!-- @BeforeMethod start -->
  <testcase name="@BeforeMethod start" time="0.0" classname="company.AreaBase">
    <skipped/>
  </testcase> <!-- @BeforeMethod start -->
  <testcase name="@BeforeMethod start" time="0.0" classname="company.AreaBase">
    <skipped/>
  </testcase> <!-- @BeforeMethod start -->
  <testcase name="@BeforeMethod start" time="0.0" classname="company.AreaBase">
    <skipped/>
  </testcase> <!-- @BeforeMethod start -->
  <testcase name="@BeforeMethod start" time="0.0" classname="company.AreaBase">
    <skipped/>
  </testcase> <!-- @BeforeMethod start -->
  <testcase name="@BeforeMethod start" time="0.0" classname="company.AreaBase">
    <skipped/>
  </testcase> <!-- @BeforeMethod start -->
  <testcase name="@BeforeMethod start" time="0.0" classname="company.AreaBase">
    <skipped/>
  </testcase> <!-- @BeforeMethod start -->
  <testcase name="@BeforeMethod start" time="0.0" classname="company.AreaBase">
    <skipped/>
  </testcase> <!-- @BeforeMethod start -->
  <testcase name="@BeforeMethod start" time="0.0" classname="company.AreaBase">
    <skipped/>
  </testcase> <!-- @BeforeMethod start -->
  <testcase name="@BeforeMethod start" time="0.0" classname="company.AreaBase">
    <skipped/>
  </testcase> <!-- @BeforeMethod start -->
  <testcase name="@BeforeMethod start" time="0.0" classname="company.AreaBase">
    <skipped/>
  </testcase> <!-- @BeforeMethod start -->
  <testcase name="@BeforeMethod start" time="0.0" classname="company.AreaBase">
    <skipped/>
  </testcase> <!-- @BeforeMethod start -->
  <testcase name="@BeforeMethod start" time="0.0" classname="company.AreaBase">
    <skipped/>
  </testcase> <!-- @BeforeMethod start -->
  <testcase name="@BeforeMethod start" time="0.0" classname="company.AreaBase">
    <skipped/>
  </testcase> <!-- @BeforeMethod start -->
  <testcase name="@BeforeMethod start" time="0.0" classname="company.AreaBase">
    <skipped/>
  </testcase> <!-- @BeforeMethod start -->
  <testcase name="@BeforeMethod start" time="0.0" classname="company.AreaBase">
    <skipped/>
  </testcase> <!-- @BeforeMethod start -->
  <testcase name="@BeforeMethod start" time="0.0" classname="company.AreaBase">
    <skipped/>
  </testcase> <!-- @BeforeMethod start -->
  <testcase name="@BeforeMethod start" time="0.0" classname="company.AreaBase">
    <skipped/>
  </testcase> <!-- @BeforeMethod start -->
  <testcase name="@BeforeMethod start" time="0.0" classname="company.AreaBase">
    <skipped/>
  </testcase> <!-- @BeforeMethod start -->
  <testcase name="@BeforeMethod start" time="0.0" classname="company.AreaBase">
    <skipped/>
  </testcase> <!-- @BeforeMethod start -->
  <testcase name="@BeforeMethod start" time="0.0" classname="company.AreaBase">
    <skipped/>
  </testcase> <!-- @BeforeMethod start -->
  <testcase name="@BeforeMethod start" time="0.0" classname="company.AreaBase">
    <skipped/>
  </testcase> <!-- @BeforeMethod start -->
  <testcase name="@BeforeMethod start" time="0.0" classname="company.AreaBase">
    <skipped/>
  </testcase> <!-- @BeforeMethod start -->
  <testcase name="@BeforeMethod start" time="0.0" classname="company.AreaBase">
    <skipped/>
  </testcase> <!-- @BeforeMethod start -->
  <testcase name="@BeforeMethod start" time="0.0" classname="company.AreaBase">
    <skipped/>
  </testcase> <!-- @BeforeMethod start -->
  <testcase name="@BeforeMethod start" time="0.0" classname="company.AreaBase">
    <skipped/>
  </testcase> <!-- @BeforeMethod start -->
  <testcase name="@BeforeMethod start" time="0.0" classname="company.AreaBase">
    <skipped/>
  </testcase> <!-- @BeforeMethod start -->
  <testcase name="@BeforeMethod start" time="0.0" classname="company.AreaBase">
    <skipped/>
  </testcase> <!-- @BeforeMethod start -->
  <testcase name="@BeforeMethod start" time="0.0" classname="company.AreaBase">
    <skipped/>
  </testcase> <!-- @BeforeMethod start -->
  <testcase name="@BeforeMethod start" time="0.0" classname="company.AreaBase">
    <skipped/>
  </testcase> <!-- @BeforeMethod start -->
  <testcase name="@BeforeMethod start" time="0.0" classname="company.AreaBase">
    <skipped/>
  </testcase> <!-- @BeforeMethod start -->
  <testcase name="@BeforeMethod start" time="0.0" classname="company.AreaBase">
    <skipped/>
  </testcase> <!-- @BeforeMethod start -->
  <testcase name="@BeforeMethod start" time="0.0" classname="company.AreaBase">
    <skipped/>
  </testcase> <!-- @BeforeMethod start -->
  <testcase name="@BeforeMethod start" time="0.0" classname="company.AreaBase">
    <skipped/>
  </testcase> <!-- @BeforeMethod start -->
  <testcase name="@BeforeMethod start" time="0.0" classname="company.AreaBase">
    <skipped/>
  </testcase> <!-- @BeforeMethod start -->
  <testcase name="@BeforeMethod start" time="0.0" classname="company.AreaBase">
    <skipped/>
  </testcase> <!-- @BeforeMethod start -->
  <testcase name="@BeforeMethod start" time="0.0" classname="company.AreaBase">
    <skipped/>
  </testcase> <!-- @BeforeMethod start -->
  <testcase name="@BeforeMethod start" time="0.0" classname="company.AreaBase">
    <skipped/>
  </testcase> <!-- @BeforeMethod start -->
  <testcase name="@BeforeMethod start" time="0.0" classname="company.AreaBase">
    <skipped/>
  </testcase> <!-- @BeforeMethod start -->
  <testcase name="@BeforeMethod start" time="0.0" classname="company.AreaBase">
    <skipped/>
  </testcase> <!-- @BeforeMethod start -->
  <testcase name="@BeforeMethod start" time="0.0" classname="company.AreaBase">
    <skipped/>
  </testcase> <!-- @BeforeMethod start -->
  <testcase name="@BeforeMethod start" time="0.0" classname="company.AreaBase">
    <skipped/>
  </testcase> <!-- @BeforeMethod start -->
  <testcase name="@BeforeMethod start" time="0.0" classname="company.AreaBase">
    <skipped/>
  </testcase> <!-- @BeforeMethod start -->
  <testcase name="@BeforeMethod start" time="0.0" classname="company.AreaBase">
    <skipped/>
  </testcase> <!-- @BeforeMethod start -->
  <testcase name="@BeforeMethod start" time="0.0" classname="company.AreaBase">
    <skipped/>
  </testcase> <!-- @BeforeMethod start -->
  <testcase name="@BeforeMethod start" time="0.0" classname="company.AreaBase">
    <skipped/>
  </testcase> <!-- @BeforeMethod start -->
  <testcase name="@BeforeMethod start" time="0.0" classname="company.AreaBase">
    <skipped/>
  </testcase> <!-- @BeforeMethod start -->
  <testcase name="@BeforeMethod start" time="0.0" classname="company.AreaBase">
    <skipped/>
  </testcase> <!-- @BeforeMethod start -->
  <testcase name="@BeforeMethod start" time="0.0" classname="company.AreaBase">
    <skipped/>
  </testcase> <!-- @BeforeMethod start -->
  <testcase name="@BeforeMethod start" time="0.0" classname="company.AreaBase">
    <skipped/>
  </testcase> <!-- @BeforeMethod start -->
  <testcase name="@BeforeMethod start" time="0.0" classname="company.AreaBase">
    <skipped/>
  </testcase> <!-- @BeforeMethod start -->
  <testcase name="@BeforeMethod start" time="0.0" classname="company.AreaBase">
    <skipped/>
  </testcase> <!-- @BeforeMethod start -->
  <testcase name="@BeforeMethod start" time="0.0" classname="company.AreaBase">
    <skipped/>
  </testcase> <!-- @BeforeMethod start -->
  <testcase name="@BeforeMethod start" time="0.0" classname="company.AreaBase">
    <skipped/>
  </testcase> <!-- @BeforeMethod start -->
  <testcase name="@BeforeMethod start" time="0.0" classname="company.AreaBase">
    <skipped/>
  </testcase> <!-- @BeforeMethod start -->
  <testcase name="@BeforeMethod start" time="0.0" classname="company.AreaBase">
    <skipped/>
  </testcase> <!-- @BeforeMethod start -->
  <testcase name="@BeforeMethod start" time="0.0" classname="company.AreaBase">
    <skipped/>
  </testcase> <!-- @BeforeMethod start -->
  <testcase name="@BeforeMethod start" time="0.0" classname="company.AreaBase">
    <skipped/>
  </testcase> <!-- @BeforeMethod start -->
  <testcase name="@BeforeMethod start" time="0.0" classname="company.AreaBase">
    <skipped/>
  </testcase> <!-- @BeforeMethod start -->
  <testcase name="@BeforeMethod start" time="0.0" classname="company.AreaBase">
    <skipped/>
  </testcase> <!-- @BeforeMethod start -->
  <testcase name="@BeforeMethod start" time="0.0" classname="company.AreaBase">
    <skipped/>
  </testcase> <!-- @BeforeMethod start -->
  <testcase name="@BeforeMethod start" time="0.0" classname="company.AreaBase">
    <skipped/>
  </testcase> <!-- @BeforeMethod start -->
  <testcase name="@BeforeMethod start" time="0.0" classname="company.AreaBase">
    <skipped/>
  </testcase> <!-- @BeforeMethod start -->
  <testcase name="@BeforeMethod start" time="0.0" classname="company.AreaBase">
    <skipped/>
  </testcase> <!-- @BeforeMethod start -->
  <testcase name="@BeforeMethod start" time="0.0" classname="company.AreaBase">
    <skipped/>
  </testcase> <!-- @BeforeMethod start -->
  <testcase name="@BeforeMethod start" time="0.0" classname="company.AreaBase">
    <skipped/>
  </testcase> <!-- @BeforeMethod start -->
  <testcase name="@BeforeMethod start" time="0.0" classname="company.AreaBase">
    <skipped/>
  </testcase> <!-- @BeforeMethod start -->
  <testcase name="@BeforeMethod start" time="0.0" classname="company.AreaBase">
    <skipped/>
  </testcase> <!-- @BeforeMethod start -->
  <testcase name="@BeforeMethod start" time="0.0" classname="company.AreaBase">
    <skipped/>
  </testcase> <!-- @BeforeMethod start -->
  <testcase name="@BeforeMethod start" time="0.0" classname="company.AreaBase">
    <skipped/>
  </testcase> <!-- @BeforeMethod start -->
  <testcase name="@BeforeMethod start" time="0.0" classname="company.AreaBase">
    <skipped/>
  </testcase> <!-- @BeforeMethod start -->
  <testcase name="@BeforeMethod start" time="0.0" classname="company.AreaBase">
    <skipped/>
  </testcase> <!-- @BeforeMethod start -->
  <testcase name="@BeforeMethod start" time="0.0" classname="company.AreaBase">
    <skipped/>
  </testcase> <!-- @BeforeMethod start -->
  <testcase name="@BeforeMethod start" time="0.0" classname="company.AreaBase">
    <skipped/>
  </testcase> <!-- @BeforeMethod start -->
  <testcase name="@BeforeMethod start" time="0.0" classname="company.AreaBase">
    <skipped/>
  </testcase> <!-- @BeforeMethod start -->
  <testcase name="@BeforeMethod start" time="0.0" classname="company.AreaBase">
    <skipped/>
  </testcase> <!-- @BeforeMethod start -->
  <testcase name="@BeforeMethod start" time="0.0" classname="company.AreaBase">
    <skipped/>
  </testcase> <!-- @BeforeMethod start -->
  <testcase name="@BeforeMethod start" time="0.0" classname="company.AreaBase">
    <skipped/>
  </testcase> <!-- @BeforeMethod start -->
  <testcase name="@BeforeMethod start" time="0.0" classname="company.AreaBase">
    <skipped/>
  </testcase> <!-- @BeforeMethod start -->
  <testcase name="@BeforeMethod start" time="0.0" classname="company.AreaBase">
    <skipped/>
  </testcase> <!-- @BeforeMethod start -->
  <testcase name="@BeforeMethod start" time="0.0" classname="company.AreaBase">
    <skipped/>
  </testcase> <!-- @BeforeMethod start -->
  <testcase name="@BeforeMethod start" time="0.0" classname="company.AreaBase">
    <skipped/>
  </testcase> <!-- @BeforeMethod start -->
  <testcase name="@BeforeMethod start" time="0.0" classname="company.AreaBase">
    <skipped/>
  </testcase> <!-- @BeforeMethod start -->
  <testcase name="@BeforeMethod start" time="0.0" classname="company.AreaBase">
    <skipped/>
  </testcase> <!-- @BeforeMethod start -->
  <testcase name="@BeforeMethod start" time="0.0" classname="company.AreaBase">
    <skipped/>
  </testcase> <!-- @BeforeMethod start -->
  <testcase name="@BeforeMethod start" time="0.0" classname="company.AreaBase">
    <skipped/>
  </testcase> <!-- @BeforeMethod start -->
  <testcase name="@BeforeMethod start" time="0.0" classname="company.AreaBase">
    <skipped/>
  </testcase> <!-- @BeforeMethod start -->
  <testcase name="@BeforeMethod start" time="0.0" classname="company.AreaBase">
    <skipped/>
  </testcase> <!-- @BeforeMethod start -->
  <testcase name="@BeforeMethod start" time="0.0" classname="company.AreaBase">
    <skipped/>
  </testcase> <!-- @BeforeMethod start -->
  <testcase name="@BeforeMethod start" time="0.0" classname="company.AreaBase">
    <skipped/>
  </testcase> <!-- @BeforeMethod start -->
  <testcase name="@BeforeMethod start" time="0.0" classname="company.AreaBase">
    <skipped/>
  </testcase> <!-- @BeforeMethod start -->
  <testcase name="@BeforeMethod start" time="0.0" classname="company.AreaBase">
    <skipped/>
  </testcase> <!-- @BeforeMethod start -->
  <testcase name="@BeforeMethod start" time="0.0" classname="company.AreaBase">
    <skipped/>
  </testcase> <!-- @BeforeMethod start -->
  <testcase name="@BeforeMethod start" time="0.0" classname="company.AreaBase">
    <skipped/>
  </testcase> <!-- @BeforeMethod start -->
  <testcase name="@BeforeMethod start" time="0.0" classname="company.AreaBase">
    <skipped/>
  </testcase> <!-- @BeforeMethod start -->
  <testcase name="@BeforeMethod start" time="0.0" classname="company.AreaBase">
    <skipped/>
  </testcase> <!-- @BeforeMethod start -->
  <testcase name="@BeforeMethod start" time="0.0" classname="company.AreaBase">
    <skipped/>
  </testcase> <!-- @BeforeMethod start -->
  <testcase name="@BeforeMethod start" time="0.0" classname="company.AreaBase">
    <skipped/>
  </testcase> <!-- @BeforeMethod start -->
  <testcase name="@BeforeMethod start" time="0.0" classname="company.AreaBase">
    <skipped/>
  </testcase> <!-- @BeforeMethod start -->
  <testcase name="@BeforeMethod start" time="0.0" classname="company.AreaBase">
    <skipped/>
  </testcase> <!-- @BeforeMethod start -->
  <testcase name="@BeforeMethod start" time="0.0" classname="company.AreaBase">
    <skipped/>
  </testcase> <!-- @BeforeMethod start -->
  <testcase name="@BeforeMethod start" time="0.0" classname="company.AreaBase">
    <skipped/>
  </testcase> <!-- @BeforeMethod start -->
  <testcase name="@BeforeMethod start" time="0.0" classname="company.AreaBase">
    <skipped/>
  </testcase> <!-- @BeforeMethod start -->
  <testcase name="@BeforeMethod start" time="0.0" classname="company.AreaBase">
    <skipped/>
  </testcase> <!-- @BeforeMethod start -->
  <testcase name="@BeforeMethod start" time="0.0" classname="company.AreaBase">
    <skipped/>
  </testcase> <!-- @BeforeMethod start -->
  <testcase name="@BeforeMethod start" time="0.0" classname="company.AreaBase">
    <skipped/>
  </testcase> <!-- @BeforeMethod start -->
  <testcase name="@BeforeMethod start" time="0.0" classname="company.AreaBase">
    <skipped/>
  </testcase> <!-- @BeforeMethod start -->
  <testcase name="@BeforeMethod start" time="0.0" classname="company.AreaBase">
    <skipped/>
  </testcase> <!-- @BeforeMethod start -->
  <testcase name="@BeforeMethod start" time="0.0" classname="company.AreaBase">
    <skipped/>
  </testcase> <!-- @BeforeMethod start -->
  <testcase name="@BeforeMethod start" time="0.0" classname="company.AreaBase">
    <skipped/>
  </testcase> <!-- @BeforeMethod start -->
  <testcase name="@BeforeMethod start" time="0.0" classname="company.AreaBase">
    <skipped/>
  </testcase> <!-- @BeforeMethod start -->
  <testcase name="@BeforeMethod start" time="0.0" classname="company.AreaBase">
    <skipped/>
  </testcase> <!-- @BeforeMethod start -->
  <testcase name="@BeforeMethod start" time="0.0" classname="company.AreaBase">
    <skipped/>
  </testcase> <!-- @BeforeMethod start -->
  <testcase name="@BeforeMethod start" time="0.0" classname="company.AreaBase">
    <skipped/>
  </testcase> <!-- @BeforeMethod start -->
  <testcase name="@BeforeMethod start" time="0.0" classname="company.AreaBase">
    <skipped/>
  </testcase> <!-- @BeforeMethod start -->
  <testcase name="@BeforeMethod start" time="0.0" classname="company.AreaBase">
    <skipped/>
  </testcase> <!-- @BeforeMethod start -->
  <testcase name="@BeforeMethod start" time="0.0" classname="company.AreaBase">
    <skipped/>
  </testcase> <!-- @BeforeMethod start -->
  <testcase name="@BeforeMethod start" time="0.0" classname="company.AreaBase">
    <skipped/>
  </testcase> <!-- @BeforeMethod start -->
  <testcase name="@BeforeMethod start" time="0.0" classname="company.AreaBase">
    <skipped/>
  </testcase> <!-- @BeforeMethod start -->
  <testcase name="@BeforeMethod start" time="0.0" classname="company.AreaBase">
    <skipped/>
  </testcase> <!-- @BeforeMethod start -->
  <testcase name="@BeforeMethod start" time="0.0" classname="company.AreaBase">
    <skipped/>
  </testcase> <!-- @BeforeMethod start -->
  <testcase name="@BeforeMethod start" time="0.0" classname="company.AreaBase">
    <skipped/>
  </testcase> <!-- @BeforeMethod start -->
  <testcase name="@BeforeMethod start" time="0.0" classname="company.AreaBase">
    <skipped/>
  </testcase> <!-- @BeforeMethod start -->
  <testcase name="@BeforeMethod start" time="0.0" classname="company.AreaBase">
    <skipped/>
  </testcase> <!-- @BeforeMethod start -->
  <testcase name="@BeforeMethod start" time="0.0" classname="company.AreaBase">
    <skipped/>
  </testcase> <!-- @BeforeMethod start -->
  <testcase name="@BeforeMethod start" time="0.0" classname="company.AreaBase">
    <skipped/>
  </testcase> <!-- @BeforeMethod start -->
  <testcase name="@BeforeMethod start" time="0.0" classname="company.AreaBase">
    <skipped/>
  </testcase> <!-- @BeforeMethod start -->
  <testcase name="@BeforeMethod start" time="0.0" classname="company.AreaBase">
    <skipped/>
  </testcase> <!-- @BeforeMethod start -->
  <testcase name="@BeforeMethod start" time="0.0" classname="company.AreaBase">
    <skipped/>
  </testcase> <!-- @BeforeMethod start -->
  <testcase name="@BeforeMethod start" time="0.0" classname="company.AreaBase">
    <skipped/>
  </testcase> <!-- @BeforeMethod start -->
  <testcase name="@BeforeMethod start" time="0.0" classname="company.AreaBase">
    <skipped/>
  </testcase> <!-- @BeforeMethod start -->
  <testcase name="@BeforeMethod start" time="0.0" classname="company.AreaBase">
    <skipped/>
  </testcase> <!-- @BeforeMethod start -->
  <testcase name="@BeforeMethod start" time="0.0" classname="company.AreaBase">
    <skipped/>
  </testcase> <!-- @BeforeMethod start -->
  <testcase name="@BeforeMethod start" time="0.0" classname="company.AreaBase">
    <skipped/>
  </testcase> <!-- @BeforeMethod start -->
  <testcase name="@BeforeMethod start" time="0.0" classname="company.AreaBase">
    <skipped/>
  </testcase> <!-- @BeforeMethod start -->
  <testcase name="@BeforeMethod start" time="0.0" classname="company.AreaBase">
    <skipped/>
  </testcase> <!-- @BeforeMethod start -->
  <testcase name="@BeforeMethod start" time="0.0" classname="company.AreaBase">
    <skipped/>
  </testcase> <!-- @BeforeMethod start -->
  <testcase name="@BeforeMethod start" time="0.0" classname="company.AreaBase">
    <skipped/>
  </testcase> <!-- @BeforeMethod start -->
  <testcase name="@BeforeMethod start" time="0.0" classname="company.AreaBase">
    <skipped/>
  </testcase> <!-- @BeforeMethod start -->
  <testcase name="@BeforeMethod start" time="0.0" classname="company.AreaBase">
    <skipped/>
  </testcase> <!-- @BeforeMethod start -->
  <testcase name="@BeforeMethod start" time="0.0" classname="company.AreaBase">
    <skipped/>
  </testcase> <!-- @BeforeMethod start -->
  <testcase name="@BeforeMethod start" time="0.0" classname="company.AreaBase">
    <skipped/>
  </testcase> <!-- @BeforeMethod start -->
  <testcase name="@BeforeMethod start" time="0.0" classname="company.AreaBase">
    <skipped/>
  </testcase> <!-- @BeforeMethod start -->
  <testcase name="@BeforeMethod start" time="0.0" classname="company.AreaBase">
    <skipped/>
  </testcase> <!-- @BeforeMethod start -->
  <testcase name="@BeforeMethod start" time="0.0" classname="company.AreaBase">
    <skipped/>
  </testcase> <!-- @BeforeMethod start -->
  <testcase name="@BeforeMethod start" time="0.0" classname="company.AreaBase">
    <skipped/>
  </testcase> <!-- @BeforeMethod start -->
  <testcase name="@BeforeMethod start" time="0.0" classname="company.AreaBase">
    <skipped/>
  </testcase> <!-- @BeforeMethod start -->
  <testcase name="@BeforeMethod start" time="0.0" classname="company.AreaBase">
    <skipped/>
  </testcase> <!-- @BeforeMethod start -->
  <testcase name="@BeforeMethod start" time="0.0" classname="company.AreaBase">
    <skipped/>
  </testcase> <!-- @BeforeMethod start -->
  <testcase name="@BeforeMethod start" time="0.0" classname="company.AreaBase">
    <skipped/>
  </testcase> <!-- @BeforeMethod start -->
  <testcase name="@BeforeMethod start" time="0.0" classname="company.AreaBase">
    <skipped/>
  </testcase> <!-- @BeforeMethod start -->
  <testcase name="@BeforeMethod start" time="0.0" classname="company.AreaBase">
    <skipped/>
  </testcase> <!-- @BeforeMethod start -->
  <testcase name="@BeforeMethod start" time="0.0" classname="company.AreaBase">
    <skipped/>
  </testcase> <!-- @BeforeMethod start -->
  <testcase name="@BeforeMethod start" time="0.0" classname="company.AreaBase">
    <skipped/>
  </testcase> <!-- @BeforeMethod start -->
  <testcase name="@BeforeMethod start" time="0.0" classname="company.AreaBase">
    <skipped/>
  </testcase> <!-- @BeforeMethod start -->
  <testcase name="@BeforeMethod start" time="0.0" classname="company.AreaBase">
    <skipped/>
  </testcase> <!-- @BeforeMethod start -->
  <testcase name="@BeforeMethod start" time="0.0" classname="company.AreaBase">
    <skipped/>
  </testcase> <!-- @BeforeMethod start -->
  <testcase name="@BeforeMethod start" time="0.0" classname="company.AreaBase">
    <skipped/>
  </testcase> <!-- @BeforeMethod start -->
  <testcase name="@BeforeMethod start" time="0.0" classname="company.AreaBase">
    <skipped/>
  </testcase> <!-- @BeforeMethod start -->
  <testcase name="@BeforeMethod start" time="0.0" classname="company.AreaBase">
    <skipped/>
  </testcase> <!-- @BeforeMethod start -->
  <testcase name="@BeforeMethod start" time="0.0" classname="company.AreaBase">
    <skipped/>
  </testcase> <!-- @BeforeMethod start -->
  <testcase name="@BeforeMethod start" time="0.0" classname="company.AreaBase">
    <skipped/>
  </testcase> <!-- @BeforeMethod start -->
  <testcase name="@BeforeMethod start" time="0.0" classname="company.AreaBase">
    <skipped/>
  </testcase> <!-- @BeforeMethod start -->
  <testcase name="@BeforeMethod start" time="0.0" classname="company.AreaBase">
    <skipped/>
  </testcase> <!-- @BeforeMethod start -->
  <testcase name="@BeforeMethod start" time="0.0" classname="company.AreaBase">
    <skipped/>
  </testcase> <!-- @BeforeMethod start -->
  <testcase name="@BeforeMethod start" time="0.0" classname="company.AreaBase">
    <skipped/>
  </testcase> <!-- @BeforeMethod start -->
  <testcase name="@BeforeMethod start" time="0.0" classname="company.AreaBase">
    <skipped/>
  </testcase> <!-- @BeforeMethod start -->
  <testcase name="@BeforeMethod start" time="0.0" classname="company.AreaBase">
    <skipped/>
  </testcase> <!-- @BeforeMethod start -->
  <testcase name="@BeforeMethod start" time="0.0" classname="company.AreaBase">
    <skipped/>
  </testcase> <!-- @BeforeMethod start -->
  <testcase name="@BeforeMethod start" time="0.0" classname="company.AreaBase">
    <skipped/>
  </testcase> <!-- @BeforeMethod start -->
  <testcase name="@BeforeMethod start" time="0.0" classname="company.AreaBase">
    <skipped/>
  </testcase> <!-- @BeforeMethod start -->
  <testcase name="@BeforeMethod start" time="0.0" classname="company.AreaBase">
    <skipped/>
  </testcase> <!-- @BeforeMethod start -->
  <testcase name="@BeforeMethod start" time="0.0" classname="company.AreaBase">
    <skipped/>
  </testcase> <!-- @BeforeMethod start -->
  <testcase name="@BeforeMethod start" time="0.0" classname="company.AreaBase">
    <skipped/>
  </testcase> <!-- @BeforeMethod start -->
  <testcase name="@BeforeMethod start" time="0.0" classname="company.AreaBase">
    <skipped/>
  </testcase> <!-- @BeforeMethod start -->
  <testcase name="@BeforeMethod start" time="0.0" classname="company.AreaBase">
    <skipped/>
  </testcase> <!-- @BeforeMethod start -->
  <testcase name="@BeforeMethod start" time="0.0" classname="company.AreaBase">
    <skipped/>
  </testcase> <!-- @BeforeMethod start -->
  <testcase name="@BeforeMethod start" time="0.0" classname="company.AreaBase">
    <skipped/>
  </testcase> <!-- @BeforeMethod start -->
  <testcase name="@BeforeMethod start" time="0.0" classname="company.AreaBase">
    <skipped/>
  </testcase> <!-- @BeforeMethod start -->
  <testcase name="@BeforeMethod start" time="0.0" classname="company.AreaBase">
    <skipped/>
  </testcase> <!-- @BeforeMethod start -->
  <testcase name="@BeforeMethod start" time="0.0" classname="company.AreaBase">
    <skipped/>
  </testcase> <!-- @BeforeMethod start -->
  <testcase name="@BeforeMethod start" time="0.0" classname="company.AreaBase">
    <skipped/>
  </testcase> <!-- @BeforeMethod start -->
  <testcase name="@BeforeMethod start" time="0.0" classname="company.AreaBase">
    <skipped/>
  </testcase> <!-- @BeforeMethod start -->
  <testcase name="@BeforeMethod start" time="0.0" classname="company.AreaBase">
    <skipped/>
  </testcase> <!-- @BeforeMethod start -->
  <testcase name="@BeforeMethod start" time="0.0" classname="company.AreaBase">
    <skipped/>
  </testcase> <!-- @BeforeMethod start -->
  <testcase name="@BeforeMethod start" time="0.0" classname="company.AreaBase">
    <skipped/>
  </testcase> <!-- @BeforeMethod start -->
  <testcase name="@BeforeMethod start" time="0.0" classname="company.AreaBase">
    <skipped/>
  </testcase> <!-- @BeforeMethod start -->
  <testcase name="@BeforeMethod start" time="0.0" classname="company.AreaBase">
    <skipped/>
  </testcase> <!-- @BeforeMethod start -->
  <testcase name="@BeforeMethod start" time="0.0" classname="company.AreaBase">
    <skipped/>
  </testcase> <!-- @BeforeMethod start -->
  <testcase name="@BeforeMethod start" time="0.0" classname="company.AreaBase">
    <skipped/>
  </testcase> <!-- @BeforeMethod start -->
  <testcase name="@BeforeMethod start" time="0.0" classname="company.AreaBase">
    <skipped/>
  </testcase> <!-- @BeforeMethod start -->
  <testcase name="@BeforeMethod start" time="0.0" classname="company.AreaBase">
    <skipped/>
  </testcase> <!-- @BeforeMethod start -->
  <testcase name="@BeforeMethod start" time="0.0" classname="company.AreaBase">
    <skipped/>
  </testcase> <!-- @BeforeMethod start -->
  <testcase name="@BeforeMethod start" time="0.0" classname="company.AreaBase">
    <skipped/>
  </testcase> <!-- @BeforeMethod start -->
  <testcase name="@BeforeMethod start" time="0.0" classname="company.AreaBase">
    <skipped/>
  </testcase> <!-- @BeforeMethod start -->
  <testcase name="@BeforeMethod start" time="0.0" classname="company.AreaBase">
    <skipped/>
  </testcase> <!-- @BeforeMethod start -->
  <testcase name="@BeforeMethod start" time="0.0" classname="company.AreaBase">
    <skipped/>
  </testcase> <!-- @BeforeMethod start -->
  <testcase name="@BeforeMethod start" time="0.0" classname="company.AreaBase">
    <skipped/>
  </testcase> <!-- @BeforeMethod start -->
  <testcase name="@BeforeMethod start" time="0.0" classname="company.AreaBase">
    <skipped/>
  </testcase> <!-- @BeforeMethod start -->
  <testcase name="@BeforeMethod start" time="0.0" classname="company.AreaBase">
    <skipped/>
  </testcase> <!-- @BeforeMethod start -->
  <testcase name="@BeforeMethod start" time="0.0" classname="company.AreaBase">
    <skipped/>
  </testcase> <!-- @BeforeMethod start -->
  <testcase name="@BeforeMethod start" time="0.0" classname="company.AreaBase">
    <skipped/>
  </testcase> <!-- @BeforeMethod start -->
  <testcase name="@BeforeMethod start" time="0.0" classname="company.AreaBase">
    <skipped/>
  </testcase> <!-- @BeforeMethod start -->
  <testcase name="@BeforeMethod start" time="0.0" classname="company.AreaBase">
    <skipped/>
  </testcase> <!-- @BeforeMethod start -->
  <testcase name="@BeforeMethod start" time="0.0" classname="company.AreaBase">
    <skipped/>
  </testcase> <!-- @BeforeMethod start -->
  <testcase name="@BeforeMethod start" time="0.0" classname="company.AreaBase">
    <skipped/>
  </testcase> <!-- @BeforeMethod start -->
  <testcase name="@BeforeMethod start" time="0.0" classname="company.AreaBase">
    <skipped/>
  </testcase> <!-- @BeforeMethod start -->
  <testcase name="@BeforeMethod start" time="0.0" classname="company.AreaBase">
    <skipped/>
  </testcase> <!-- @BeforeMethod start -->
  <testcase name="@BeforeMethod start" time="0.0" classname="company.AreaBase">
    <skipped/>
  </testcase> <!-- @BeforeMethod start -->
  <testcase name="@BeforeMethod start" time="0.0" classname="company.AreaBase">
    <skipped/>
  </testcase> <!-- @BeforeMethod start -->
  <testcase name="@BeforeMethod start" time="0.0" classname="company.AreaBase">
    <skipped/>
  </testcase> <!-- @BeforeMethod start -->
  <testcase name="@BeforeMethod start" time="0.0" classname="company.AreaBase">
    <skipped/>
  </testcase> <!-- @BeforeMethod start -->
  <testcase name="@BeforeMethod start" time="0.0" classname="company.AreaBase">
    <skipped/>
  </testcase> <!-- @BeforeMethod start -->
  <testcase name="@BeforeMethod start" time="0.0" classname="company.AreaBase">
    <skipped/>
  </testcase> <!-- @BeforeMethod start -->
  <testcase name="@BeforeMethod start" time="0.0" classname="company.AreaBase">
    <skipped/>
  </testcase> <!-- @BeforeMethod start -->
  <testcase name="@BeforeMethod start" time="0.0" classname="company.AreaBase">
    <skipped/>
  </testcase> <!-- @BeforeMethod start -->
  <testcase name="@BeforeMethod start" time="0.0" classname="company.AreaBase">
    <skipped/>
  </testcase> <!-- @BeforeMethod start -->
  <testcase name="@BeforeMethod start" time="0.0" classname="company.AreaBase">
    <skipped/>
  </testcase> <!-- @BeforeMethod start -->
  <testcase name="@BeforeMethod start" time="0.0" classname="company.AreaBase">
    <skipped/>
  </testcase> <!-- @BeforeMethod start -->
  <testcase name="@BeforeMethod start" time="0.0" classname="company.AreaBase">
    <skipped/>
  </testcase> <!-- @BeforeMethod start -->
  <testcase name="@BeforeMethod start" time="0.0" classname="company.AreaBase">
    <skipped/>
  </testcase> <!-- @BeforeMethod start -->
  <testcase name="@BeforeMethod start" time="0.0" classname="company.AreaBase">
    <skipped/>
  </testcase> <!-- @BeforeMethod start -->
  <testcase name="@BeforeMethod start" time="0.0" classname="company.AreaBase">
    <skipped/>
  </testcase> <!-- @BeforeMethod start -->
  <testcase name="@BeforeMethod start" time="0.0" classname="company.AreaBase">
    <skipped/>
  </testcase> <!-- @BeforeMethod start -->
  <testcase name="@BeforeMethod start" time="0.0" classname="company.AreaBase">
    <skipped/>
  </testcase> <!-- @BeforeMethod start -->
  <testcase name="@BeforeMethod start" time="0.0" classname="company.AreaBase">
    <skipped/>
  </testcase> <!-- @BeforeMethod start -->
  <testcase name="@BeforeMethod start" time="0.0" classname="company.AreaBase">
    <skipped/>
  </testcase> <!-- @BeforeMethod start -->
  <testcase name="@BeforeMethod start" time="0.0" classname="company.AreaBase">
    <skipped/>
  </testcase> <!-- @BeforeMethod start -->
  <testcase name="@BeforeMethod start" time="0.0" classname="company.AreaBase">
    <skipped/>
  </testcase> <!-- @BeforeMethod start -->
  <testcase name="@BeforeMethod start" time="0.0" classname="company.AreaBase">
    <skipped/>
  </testcase> <!-- @BeforeMethod start -->
  <testcase name="@BeforeMethod start" time="0.0" classname="company.AreaBase">
    <skipped/>
  </testcase> <!-- @BeforeMethod start -->
  <testcase name="@BeforeMethod start" time="0.0" classname="company.AreaBase">
    <skipped/>
  </testcase> <!-- @BeforeMethod start -->
  <testcase name="@BeforeMethod start" time="0.0" classname="company.AreaBase">
    <skipped/>
  </testcase> <!-- @BeforeMethod start -->
  <testcase name="@BeforeMethod start" time="0.0" classname="company.AreaBase">
    <skipped/>
  </testcase> <!-- @BeforeMethod start -->
  <testcase name="@BeforeMethod start" time="0.0" classname="company.AreaBase">
    <skipped/>
  </testcase> <!-- @BeforeMethod start -->
  <testcase name="@BeforeMethod start" time="0.0" classname="company.AreaBase">
    <skipped/>
  </testcase> <!-- @BeforeMethod start -->
  <testcase name="@BeforeMethod start" time="0.0" classname="company.AreaBase">
    <skipped/>
  </testcase> <!-- @BeforeMethod start -->
  <testcase name="@BeforeMethod start" time="0.0" classname="company.AreaBase">
    <skipped/>
  </testcase> <!-- @BeforeMethod start -->
  <testcase name="@BeforeMethod start" time="0.0" classname="company.AreaBase">
    <skipped/>
  </testcase> <!-- @BeforeMethod start -->
  <testcase name="@BeforeMethod start" time="0.0" classname="company.AreaBase">
    <skipped/>
  </testcase> <!-- @BeforeMethod start -->
  <testcase name="@BeforeMethod start" time="0.0" classname="company.AreaBase">
    <skipped/>
  </testcase> <!-- @BeforeMethod start -->
  <testcase name="@BeforeMethod start" time="0.0" classname="company.AreaBase">
    <skipped/>
  </testcase> <!-- @BeforeMethod start -->
  <testcase name="@BeforeMethod start" time="0.0" classname="company.AreaBase">
    <skipped/>
  </testcase> <!-- @BeforeMethod start -->
  <testcase name="@BeforeMethod start" time="0.0" classname="company.AreaBase">
    <skipped/>
  </testcase> <!-- @BeforeMethod start -->
  <testcase name="@BeforeMethod start" time="0.0" classname="company.AreaBase">
    <skipped/>
  </testcase> <!-- @BeforeMethod start -->
  <testcase name="@BeforeMethod start" time="0.0" classname="company.AreaBase">
    <skipped/>
  </testcase> <!-- @BeforeMethod start -->
  <testcase name="@BeforeMethod start" time="0.0" classname="company.AreaBase">
    <skipped/>
  </testcase> <!-- @BeforeMethod start -->
  <testcase name="@BeforeMethod start" time="0.0" classname="company.AreaBase">
    <skipped/>
  </testcase> <!-- @BeforeMethod start -->
  <testcase name="@BeforeMethod start" time="0.0" classname="company.AreaBase">
    <skipped/>
  </testcase> <!-- @BeforeMethod start -->
  <testcase name="@BeforeMethod start" time="0.0" classname="company.AreaBase">
    <skipped/>
  </testcase> <!-- @BeforeMethod start -->
  <testcase name="@BeforeMethod start" time="0.0" classname="company.AreaBase">
    <skipped/>
  </testcase> <!-- @BeforeMethod start -->
  <testcase name="@BeforeMethod start" time="0.0" classname="company.AreaBase">
    <skipped/>
  </testcase> <!-- @BeforeMethod start -->
  <testcase name="@BeforeMethod start" time="0.0" classname="company.AreaBase">
    <skipped/>
  </testcase> <!-- @BeforeMethod start -->
  <testcase name="@BeforeMethod start" time="0.0" classname="company.AreaBase">
    <skipped/>
  </testcase> <!-- @BeforeMethod start -->
  <testcase name="@BeforeMethod start" time="0.0" classname="company.AreaBase">
    <skipped/>
  </testcase> <!-- @BeforeMethod start -->
  <testcase name="@BeforeMethod start" time="0.0" classname="company.AreaBase">
    <skipped/>
  </testcase> <!-- @BeforeMethod start -->
  <testcase name="@BeforeMethod start" time="0.0" classname="company.AreaBase">
    <skipped/>
  </testcase> <!-- @BeforeMethod start -->
  <testcase name="@BeforeMethod start" time="0.0" classname="company.AreaBase">
    <skipped/>
  </testcase> <!-- @BeforeMethod start -->
  <testcase name="@BeforeMethod start" time="0.0" classname="company.AreaBase">
    <skipped/>
  </testcase> <!-- @BeforeMethod start -->
  <testcase name="@BeforeMethod start" time="0.0" classname="company.AreaBase">
    <skipped/>
  </testcase> <!-- @BeforeMethod start -->
  <testcase name="@BeforeMethod start" time="0.0" classname="company.AreaBase">
    <skipped/>
  </testcase> <!-- @BeforeMethod start -->
  <testcase name="@BeforeMethod start" time="0.0" classname="company.AreaBase">
    <skipped/>
  </testcase> <!-- @BeforeMethod start -->
  <testcase name="@BeforeMethod start" time="0.0" classname="company.AreaBase">
    <skipped/>
  </testcase> <!-- @BeforeMethod start -->
  <testcase name="@BeforeMethod start" time="0.0" classname="company.AreaBase">
    <skipped/>
  </testcase> <!-- @BeforeMethod start -->
  <testcase name="@BeforeMethod start" time="0.0" classname="company.AreaBase">
    <skipped/>
  </testcase> <!-- @BeforeMethod start -->
  <testcase name="@BeforeMethod start" time="0.0" classname="company.AreaBase">
    <skipped/>
  </testcase> <!-- @BeforeMethod start -->
  <testcase name="@BeforeMethod start" time="0.0" classname="company.AreaBase">
    <skipped/>
  </testcase> <!-- @BeforeMethod start -->
  <testcase name="@BeforeMethod start" time="0.0" classname="company.AreaBase">
    <skipped/>
  </testcase> <!-- @BeforeMethod start -->
  <testcase name="@BeforeMethod start" time="0.0" classname="company.AreaBase">
    <skipped/>
  </testcase> <!-- @BeforeMethod start -->
  <testcase name="@BeforeMethod start" time="0.0" classname="company.AreaBase">
    <skipped/>
  </testcase> <!-- @BeforeMethod start -->
  <testcase name="@BeforeMethod start" time="0.0" classname="company.AreaBase">
    <skipped/>
  </testcase> <!-- @BeforeMethod start -->
  <testcase name="@BeforeMethod start" time="0.0" classname="company.AreaBase">
    <skipped/>
  </testcase> <!-- @BeforeMethod start -->
  <testcase name="@BeforeMethod start" time="0.0" classname="company.AreaBase">
    <skipped/>
  </testcase> <!-- @BeforeMethod start -->
  <testcase name="@BeforeMethod start" time="0.0" classname="company.AreaBase">
    <skipped/>
  </testcase> <!-- @BeforeMethod start -->
  <testcase name="@BeforeMethod start" time="0.0" classname="company.AreaBase">
    <skipped/>
  </testcase> <!-- @BeforeMethod start -->
  <testcase name="@BeforeMethod start" time="0.0" classname="company.AreaBase">
    <skipped/>
  </testcase> <!-- @BeforeMethod start -->
  <testcase name="@BeforeMethod start" time="0.0" classname="company.AreaBase">
    <skipped/>
  </testcase> <!-- @BeforeMethod start -->
  <testcase name="@BeforeMethod start" time="0.0" classname="company.AreaBase">
    <skipped/>
  </testcase> <!-- @BeforeMethod start -->
  <testcase name="@BeforeMethod start" time="0.0" classname="company.AreaBase">
    <skipped/>
  </testcase> <!-- @BeforeMethod start -->
  <testcase name="@BeforeMethod start" time="0.0" classname="company.AreaBase">
    <skipped/>
  </testcase> <!-- @BeforeMethod start -->
  <testcase name="@BeforeMethod start" time="0.0" classname="company.AreaBase">
    <skipped/>
  </testcase> <!-- @BeforeMethod start -->
  <testcase name="@BeforeMethod start" time="0.0" classname="company.AreaBase">
    <skipped/>
  </testcase> <!-- @BeforeMethod start -->
  <testcase name="@BeforeMethod start" time="0.0" classname="company.AreaBase">
    <skipped/>
  </testcase> <!-- @BeforeMethod start -->
  <testcase name="@BeforeMethod start" time="0.0" classname="company.AreaBase">
    <skipped/>
  </testcase> <!-- @BeforeMethod start -->
  <testcase name="@BeforeMethod start" time="0.0" classname="company.AreaBase">
    <skipped/>
  </testcase> <!-- @BeforeMethod start -->
  <testcase name="@BeforeMethod start" time="0.0" classname="company.AreaBase">
    <skipped/>
  </testcase> <!-- @BeforeMethod start -->
  <testcase name="@BeforeMethod start" time="0.0" classname="company.AreaBase">
    <skipped/>
  </testcase> <!-- @BeforeMethod start -->
  <testcase name="@BeforeMethod start" time="0.0" classname="company.AreaBase">
    <skipped/>
  </testcase> <!-- @BeforeMethod start -->
  <testcase name="@BeforeMethod start" time="0.0" classname="company.AreaBase">
    <skipped/>
  </testcase> <!-- @BeforeMethod start -->
  <testcase name="@BeforeMethod start" time="0.0" classname="company.AreaBase">
    <skipped/>
  </testcase> <!-- @BeforeMethod start -->
  <testcase name="@BeforeMethod start" time="0.0" classname="company.AreaBase">
    <skipped/>
  </testcase> <!-- @BeforeMethod start -->
  <testcase name="@BeforeMethod start" time="0.0" classname="company.AreaBase">
    <skipped/>
  </testcase> <!-- @BeforeMethod start -->
  <testcase name="@BeforeMethod start" time="0.0" classname="company.AreaBase">
    <skipped/>
  </testcase> <!-- @BeforeMethod start -->
  <testcase name="@BeforeMethod start" time="0.0" classname="company.AreaBase">
    <skipped/>
  </testcase> <!-- @BeforeMethod start -->
  <testcase name="@BeforeMethod start" time="0.0" classname="company.AreaBase">
    <skipped/>
  </testcase> <!-- @BeforeMethod start -->
  <testcase name="@BeforeMethod start" time="0.0" classname="company.AreaBase">
    <skipped/>
  </testcase> <!-- @BeforeMethod start -->
  <testcase name="@BeforeMethod start" time="0.0" classname="company.AreaBase">
    <skipped/>
  </testcase> <!-- @BeforeMethod start -->
  <testcase name="@BeforeMethod start" time="0.0" classname="company.AreaBase">
    <skipped/>
  </testcase> <!-- @BeforeMethod start -->
  <testcase name="@BeforeMethod start" time="0.0" classname="company.AreaBase">
    <skipped/>
  </testcase> <!-- @BeforeMethod start -->
  <testcase name="@BeforeMethod start" time="0.0" classname="company.AreaBase">
    <skipped/>
  </testcase> <!-- @BeforeMethod start -->
  <testcase name="@BeforeMethod start" time="0.0" classname="company.AreaBase">
    <skipped/>
  </testcase> <!-- @BeforeMethod start -->
  <testcase name="@BeforeMethod start" time="0.0" classname="company.AreaBase">
    <skipped/>
  </testcase> <!-- @BeforeMethod start -->
  <testcase name="@BeforeMethod start" time="0.0" classname="company.AreaBase">
    <skipped/>
  </testcase> <!-- @BeforeMethod start -->
  <testcase name="@BeforeMethod start" time="0.0" classname="company.AreaBase">
    <skipped/>
  </testcase> <!-- @BeforeMethod start -->
  <testcase name="@BeforeMethod start" time="0.0" classname="company.AreaBase">
    <skipped/>
  </testcase> <!-- @BeforeMethod start -->
  <testcase name="@BeforeMethod start" time="0.0" classname="company.AreaBase">
    <skipped/>
  </testcase> <!-- @BeforeMethod start -->
  <testcase name="@BeforeMethod start" time="0.0" classname="company.AreaBase">
    <skipped/>
  </testcase> <!-- @BeforeMethod start -->
  <testcase name="@BeforeMethod start" time="0.0" classname="company.AreaBase">
    <skipped/>
  </testcase> <!-- @BeforeMethod start -->
  <testcase name="@BeforeMethod start" time="0.0" classname="company.AreaBase">
    <skipped/>
  </testcase> <!-- @BeforeMethod start -->
  <testcase name="@BeforeMethod start" time="0.0" classname="company.AreaBase">
    <skipped/>
  </testcase> <!-- @BeforeMethod start -->
  <testcase name="@BeforeMethod start" time="0.0" classname="company.AreaBase">
    <skipped/>
  </testcase> <!-- @BeforeMethod start -->
  <testcase name="@BeforeMethod start" time="0.0" classname="company.AreaBase">
    <skipped/>
  </testcase> <!-- @BeforeMethod start -->
  <testcase name="@BeforeMethod start" time="0.0" classname="company.AreaBase">
    <skipped/>
  </testcase> <!-- @BeforeMethod start -->
  <testcase name="@BeforeMethod start" time="0.0" classname="company.AreaBase">
    <skipped/>
  </testcase> <!-- @BeforeMethod start -->
  <testcase name="@BeforeMethod start" time="0.0" classname="company.AreaBase">
    <skipped/>
  </testcase> <!-- @BeforeMethod start -->
  <testcase name="@BeforeMethod start" time="0.0" classname="company.AreaBase">
    <skipped/>
  </testcase> <!-- @BeforeMethod start -->
  <testcase name="@BeforeMethod start" time="0.0" classname="company.AreaBase">
    <skipped/>
  </testcase> <!-- @BeforeMethod start -->
  <testcase name="@BeforeMethod start" time="0.0" classname="company.AreaBase">
    <skipped/>
  </testcase> <!-- @BeforeMethod start -->
  <testcase name="@BeforeMethod start" time="0.0" classname="company.AreaBase">
    <skipped/>
  </testcase> <!-- @BeforeMethod start -->
  <testcase name="@BeforeMethod start" time="0.0" classname="company.AreaBase">
    <skipped/>
  </testcase> <!-- @BeforeMethod start -->
  <testcase name="@BeforeMethod start" time="0.0" classname="company.AreaBase">
    <skipped/>
  </testcase> <!-- @BeforeMethod start -->
  <testcase name="@BeforeMethod start" time="0.0" classname="company.AreaBase">
    <skipped/>
  </testcase> <!-- @BeforeMethod start -->
  <testcase name="@BeforeMethod start" time="0.0" classname="company.AreaBase">
    <skipped/>
  </testcase> <!-- @BeforeMethod start -->
  <testcase name="@BeforeMethod start" time="0.0" classname="company.AreaBase">
    <skipped/>
  </testcase> <!-- @BeforeMethod start -->
  <testcase name="@BeforeMethod start" time="0.0" classname="company.AreaBase">
    <skipped/>
  </testcase> <!-- @BeforeMethod start -->
  <testcase name="@BeforeMethod start" time="0.0" classname="company.AreaBase">
    <skipped/>
  </testcase> <!-- @BeforeMethod start -->
  <testcase name="@BeforeMethod start" time="0.0" classname="company.AreaBase">
    <skipped/>
  </testcase> <!-- @BeforeMethod start -->
  <testcase name="@BeforeMethod start" time="0.0" classname="company.AreaBase">
    <skipped/>
  </testcase> <!-- @BeforeMethod start -->
  <testcase name="@BeforeMethod start" time="0.0" classname="company.AreaBase">
    <skipped/>
  </testcase> <!-- @BeforeMethod start -->
  <testcase name="@BeforeMethod start" time="0.0" classname="company.AreaBase">
    <skipped/>
  </testcase> <!-- @BeforeMethod start -->
  <testcase name="@BeforeMethod start" time="0.0" classname="company.AreaBase">
    <skipped/>
  </testcase> <!-- @BeforeMethod start -->
  <testcase name="@BeforeMethod start" time="0.0" classname="company.AreaBase">
    <skipped/>
  </testcase> <!-- @BeforeMethod start -->
  <testcase name="@BeforeMethod start" time="0.0" classname="company.AreaBase">
    <skipped/>
  </testcase> <!-- @BeforeMethod start -->
  <testcase name="@BeforeMethod start" time="0.0" classname="company.AreaBase">
    <skipped/>
  </testcase> <!-- @BeforeMethod start -->
  <testcase name="@BeforeMethod start" time="0.0" classname="company.AreaBase">
    <skipped/>
  </testcase> <!-- @BeforeMethod start -->
  <testcase name="@BeforeMethod start" time="0.0" classname="company.AreaBase">
    <skipped/>
  </testcase> <!-- @BeforeMethod start -->
  <testcase name="@BeforeMethod start" time="0.0" classname="company.AreaBase">
    <skipped/>
  </testcase> <!-- @BeforeMethod start -->
  <testcase name="@BeforeMethod start" time="0.0" classname="company.AreaBase">
    <skipped/>
  </testcase> <!-- @BeforeMethod start -->
  <testcase name="@BeforeMethod start" time="0.0" classname="company.AreaBase">
    <skipped/>
  </testcase> <!-- @BeforeMethod start -->
  <testcase name="@BeforeMethod start" time="0.0" classname="company.AreaBase">
    <skipped/>
  </testcase> <!-- @BeforeMethod start -->
  <testcase name="@BeforeMethod start" time="0.0" classname="company.AreaBase">
    <skipped/>
  </testcase> <!-- @BeforeMethod start -->
  <testcase name="@BeforeMethod start" time="0.0" classname="company.AreaBase">
    <skipped/>
  </testcase> <!-- @BeforeMethod start -->
  <testcase name="@BeforeMethod start" time="0.0" classname="company.AreaBase">
    <skipped/>
  </testcase> <!-- @BeforeMethod start -->
  <testcase name="@BeforeMethod start" time="0.0" classname="company.AreaBase">
    <skipped/>
  </testcase> <!-- @BeforeMethod start -->
  <testcase name="@BeforeMethod start" time="0.0" classname="company.AreaBase">
    <skipped/>
  </testcase> <!-- @BeforeMethod start -->
  <testcase name="@BeforeMethod start" time="0.0" classname="company.AreaBase">
    <skipped/>
  </testcase> <!-- @BeforeMethod start -->
  <testcase name="@BeforeMethod start" time="0.0" classname="company.AreaBase">
    <skipped/>
  </testcase> <!-- @BeforeMethod start -->
  <testcase name="@BeforeMethod start" time="0.0" classname="company.AreaBase">
    <skipped/>
  </testcase> <!-- @BeforeMethod start -->
  <testcase name="@BeforeMethod start" time="0.0" classname="company.AreaBase">
    <skipped/>
  </testcase> <!-- @BeforeMethod start -->
  <testcase name="@BeforeMethod start" time="0.0" classname="company.AreaBase">
    <skipped/>
  </testcase> <!-- @BeforeMethod start -->
  <testcase name="@BeforeMethod start" time="0.0" classname="company.AreaBase">
    <skipped/>
  </testcase> <!-- @BeforeMethod start -->
  <testcase name="@BeforeMethod start" time="0.0" classname="company.AreaBase">
    <skipped/>
  </testcase> <!-- @BeforeMethod start -->
  <testcase name="@BeforeMethod start" time="0.0" classname="company.AreaBase">
    <skipped/>
  </testcase> <!-- @BeforeMethod start -->
  <testcase name="@BeforeMethod start" time="0.0" classname="company.AreaBase">
    <skipped/>
  </testcase> <!-- @BeforeMethod start -->
  <testcase name="@BeforeMethod start" time="0.0" classname="company.AreaBase">
    <skipped/>
  </testcase> <!-- @BeforeMethod start -->
  <testcase name="@BeforeMethod start" time="0.0" classname="company.AreaBase">
    <skipped/>
  </testcase> <!-- @BeforeMethod start -->
  <testcase name="@BeforeMethod start" time="0.0" classname="company.AreaBase">
    <skipped/>
  </testcase> <!-- @BeforeMethod start -->
  <testcase name="@BeforeMethod start" time="0.0" classname="company.AreaBase">
    <skipped/>
  </testcase> <!-- @BeforeMethod start -->
  <testcase name="@BeforeMethod start" time="0.0" classname="company.AreaBase">
    <skipped/>
  </testcase> <!-- @BeforeMethod start -->
  <testcase name="@BeforeMethod start" time="0.0" classname="company.AreaBase">
    <skipped/>
  </testcase> <!-- @BeforeMethod start -->
  <testcase name="@BeforeMethod start" time="0.0" classname="company.AreaBase">
    <skipped/>
  </testcase> <!-- @BeforeMethod start -->
  <testcase name="@BeforeMethod start" time="0.0" classname="company.AreaBase">
    <skipped/>
  </testcase> <!-- @BeforeMethod start -->
  <testcase name="@BeforeMethod start" time="0.0" classname="company.AreaBase">
    <skipped/>
  </testcase> <!-- @BeforeMethod start -->
  <testcase name="@BeforeMethod start" time="0.0" classname="company.AreaBase">
    <skipped/>
  </testcase> <!-- @BeforeMethod start -->
  <testcase name="@BeforeMethod start" time="0.0" classname="company.AreaBase">
    <skipped/>
  </testcase> <!-- @BeforeMethod start -->
  <testcase name="@BeforeMethod start" time="0.0" classname="company.AreaBase">
    <skipped/>
  </testcase> <!-- @BeforeMethod start -->
  <testcase name="@BeforeMethod start" time="0.0" classname="company.AreaBase">
    <skipped/>
  </testcase> <!-- @BeforeMethod start -->
  <testcase name="@BeforeMethod start" time="0.0" classname="company.AreaBase">
    <skipped/>
  </testcase> <!-- @BeforeMethod start -->
  <testcase name="@BeforeMethod start" time="0.0" classname="company.AreaBase">
    <skipped/>
  </testcase> <!-- @BeforeMethod start -->
  <testcase name="@BeforeMethod start" time="0.0" classname="company.AreaBase">
    <skipped/>
  </testcase> <!-- @BeforeMethod start -->
  <testcase name="@BeforeMethod start" time="0.0" classname="company.AreaBase">
    <skipped/>
  </testcase> <!-- @BeforeMethod start -->
  <testcase name="@BeforeMethod start" time="0.0" classname="company.AreaBase">
    <skipped/>
  </testcase> <!-- @BeforeMethod start -->
  <testcase name="@BeforeMethod start" time="0.0" classname="company.AreaBase">
    <skipped/>
  </testcase> <!-- @BeforeMethod start -->
  <testcase name="@BeforeMethod start" time="0.0" classname="company.AreaBase">
    <skipped/>
  </testcase> <!-- @BeforeMethod start -->
  <testcase name="@BeforeMethod start" time="0.0" classname="company.AreaBase">
    <skipped/>
  </testcase> <!-- @BeforeMethod start -->
  <testcase name="@BeforeMethod start" time="0.0" classname="company.AreaBase">
    <skipped/>
  </testcase> <!-- @BeforeMethod start -->
  <testcase name="@BeforeMethod start" time="0.0" classname="company.AreaBase">
    <skipped/>
  </testcase> <!-- @BeforeMethod start -->
  <testcase name="@BeforeMethod start" time="0.0" classname="company.AreaBase">
    <skipped/>
  </testcase> <!-- @BeforeMethod start -->
  <testcase name="@BeforeMethod start" time="0.0" classname="company.AreaBase">
    <skipped/>
  </testcase> <!-- @BeforeMethod start -->
  <testcase name="@BeforeMethod start" time="0.0" classname="company.AreaBase">
    <skipped/>
  </testcase> <!-- @BeforeMethod start -->
  <testcase name="@BeforeMethod start" time="0.0" classname="company.AreaBase">
    <skipped/>
  </testcase> <!-- @BeforeMethod start -->
  <testcase name="@BeforeMethod start" time="0.0" classname="company.AreaBase">
    <skipped/>
  </testcase> <!-- @BeforeMethod start -->
  <testcase name="@BeforeMethod start" time="0.0" classname="company.AreaBase">
    <skipped/>
  </testcase> <!-- @BeforeMethod start -->
  <testcase name="@BeforeMethod start" time="0.0" classname="company.AreaBase">
    <skipped/>
  </testcase> <!-- @BeforeMethod start -->
  <testcase name="@BeforeMethod start" time="0.0" classname="company.AreaBase">
    <skipped/>
  </testcase> <!-- @BeforeMethod start -->
  <testcase name="@BeforeMethod start" time="0.0" classname="company.AreaBase">
    <skipped/>
  </testcase> <!-- @BeforeMethod start -->
  <testcase name="@BeforeMethod start" time="0.0" classname="company.AreaBase">
    <skipped/>
  </testcase> <!-- @BeforeMethod start -->
  <testcase name="company" time="8.509" classname="company.Area"/>
  <testcase name="company" time="8.266" classname="company.Area"/>
  <testcase name="company" time="8.343" classname="company.Area"/>
  <testcase name="company" time="8.465" classname="company.Area"/>
  <testcase name="company" time="8.525" classname="company.Area"/>
  <testcase name="company" time="8.3" classname="company.Area"/>
  <testcase name="company" time="8.708" classname="company.Area"/>
  <testcase name="company" time="8.603" classname="company.Area"/>
  <testcase name="company" time="8.707" classname="company.Area"/>
  <testcase name="company" time="8.609" classname="company.Area"/>
  <testcase name="company" time="8.438" classname="company.Area"/>
  <testcase name="company" time="8.58" classname="company.Area"/>
  <testcase name="company" time="8.704" classname="company.Area"/>
  <testcase name="company" time="8.641" classname="company.Area"/>
  <testcase name="company" time="8.558" classname="company.Area"/>
  <testcase name="company" time="8.643" classname="company.Area"/>
  <testcase name="company" time="8.464" classname="company.Area"/>
  <testcase name="company" time="8.734" classname="company.Area"/>
  <testcase name="company" time="8.644" classname="company.Area"/>
  <testcase name="company" time="8.753" classname="company.Area"/>
  <testcase name="company" time="8.626" classname="company.Area"/>
  <testcase name="company" time="8.61" classname="company.Area"/>
  <testcase name="company" time="8.79" classname="company.Area"/>
  <testcase name="company" time="8.548" classname="company.Area"/>
  <testcase name="company" time="8.485" classname="company.Area"/>
  <testcase name="company" time="8.577" classname="company.Area"/>
  <testcase name="company" time="8.567" classname="company.Area"/>
  <testcase name="company" time="8.737" classname="company.Area"/>
  <testcase name="company" time="8.716" classname="company.Area"/>
  <testcase name="company" time="8.461" classname="company.Area"/>
  <testcase name="company" time="8.745" classname="company.Area"/>
  <testcase name="company" time="8.627" classname="company.Area"/>
  <testcase name="company" time="8.739" classname="company.Area"/>
  <testcase name="company" time="8.691" classname="company.Area"/>
  <testcase name="company" time="8.465" classname="company.Area"/>
  <testcase name="company" time="8.64" classname="company.Area"/>
  <testcase name="company" time="8.439" classname="company.Area"/>
  <testcase name="company" time="8.508" classname="company.Area"/>
  <testcase name="company" time="8.604" classname="company.Area"/>
  <testcase name="company" time="8.717" classname="company.Area"/>
  <testcase name="company" time="8.683" classname="company.Area"/>
  <testcase name="company" time="8.598" classname="company.Area"/>
  <testcase name="company" time="8.599" classname="company.Area"/>
  <testcase name="company" time="8.786" classname="company.Area"/>
  <testcase name="company" time="8.503" classname="company.Area"/>
  <testcase name="company" time="8.743" classname="company.Area"/>
  <testcase name="company" time="8.631" classname="company.Area"/>
  <testcase name="company" time="8.695" classname="company.Area"/>
  <testcase name="company" time="8.684" classname="company.Area"/>
  <testcase name="company" time="8.802" classname="company.Area"/>
  <testcase name="company" time="8.637" classname="company.Area"/>
  <testcase name="company" time="8.565" classname="company.Area"/>
  <testcase name="company" time="8.651" classname="company.Area"/>
  <testcase name="company" time="8.645" classname="company.Area"/>
  <testcase name="company" time="9.429" classname="company.Area"/>
  <testcase name="company" time="9.438" classname="company.Area"/>
  <testcase name="company" time="9.584" classname="company.Area"/>
  <testcase name="company" time="9.466" classname="company.Area"/>
  <testcase name="company" time="9.438" classname="company.Area"/>
  <testcase name="company" time="9.431" classname="company.Area"/>
  <testcase name="company" time="9.361" classname="company.Area"/>
  <testcase name="company" time="9.376" classname="company.Area"/>
  <testcase name="company" time="9.23" classname="company.Area"/>
  <testcase name="company" time="9.516" classname="company.Area"/>
  <testcase name="company" time="9.335" classname="company.Area"/>
  <testcase name="company" time="9.413" classname="company.Area"/>
  <testcase name="company" time="9.341" classname="company.Area"/>
  <testcase name="company" time="9.385" classname="company.Area"/>
  <testcase name="company" time="9.379" classname="company.Area"/>
  <testcase name="company" time="9.229" classname="company.Area"/>
  <testcase name="company" time="9.629" classname="company.Area"/>
  <testcase name="company" time="9.39" classname="company.Area"/>
  <testcase name="company" time="9.36" classname="company.Area"/>
  <testcase name="company" time="9.348" classname="company.Area"/>
  <testcase name="company" time="9.238" classname="company.Area"/>
  <testcase name="company" time="9.187" classname="company.Area"/>
  <testcase name="company" time="9.361" classname="company.Area"/>
  <testcase name="company" time="9.237" classname="company.Area"/>
  <testcase name="company" time="9.268" classname="company.Area"/>
  <testcase name="company" time="9.241" classname="company.Area"/>
  <testcase name="company" time="9.338" classname="company.Area"/>
  <testcase name="company" time="9.353" classname="company.Area"/>
  <testcase name="company" time="9.303" classname="company.Area"/>
  <testcase name="company" time="9.204" classname="company.Area"/>
  <testcase name="company" time="8.991" classname="company.Area"/>
  <testcase name="company" time="9.339" classname="company.Area"/>
  <testcase name="company" time="9.342" classname="company.Area"/>
  <testcase name="company" time="9.288" classname="company.Area"/>
  <testcase name="company" time="9.353" classname="company.Area"/>
  <testcase name="company" time="9.1" classname="company.Area"/>
  <testcase name="company" time="9.326" classname="company.Area"/>
  <testcase name="company" time="9.009" classname="company.Area"/>
  <testcase name="company" time="9.186" classname="company.Area"/>
  <testcase name="company" time="9.508" classname="company.Area"/>
  <testcase name="company" time="9.21" classname="company.Area"/>
  <testcase name="company" time="9.427" classname="company.Area"/>
  <testcase name="company" time="9.327" classname="company.Area"/>
  <testcase name="company" time="25.252" classname="company.Area"/>
  <testcase name="company" time="9.522" classname="company.Area"/>
  <testcase name="company" time="9.548" classname="company.Area"/>
  <testcase name="company" time="9.337" classname="company.Area"/>
  <testcase name="company" time="9.332" classname="company.Area"/>
  <testcase name="company" time="9.466" classname="company.Area"/>
  <testcase name="company" time="9.429" classname="company.Area"/>
  <testcase name="company" time="9.328" classname="company.Area"/>
  <testcase name="company" time="9.268" classname="company.Area"/>
  <testcase name="company" time="9.286" classname="company.Area"/>
  <testcase name="company" time="9.409" classname="company.Area"/>
  <testcase name="company" time="9.283" classname="company.Area"/>
  <testcase name="company" time="9.192" classname="company.Area"/>
  <testcase name="company" time="9.459" classname="company.Area"/>
  <testcase name="company" time="9.478" classname="company.Area"/>
  <testcase name="company" time="9.329" classname="company.Area"/>
  <testcase name="company" time="9.406" classname="company.Area"/>
  <testcase name="company" time="9.11" classname="company.Area"/>
  <testcase name="company" time="9.866" classname="company.Area"/>
  <testcase name="company" time="9.43" classname="company.Area"/>
  <testcase name="company" time="9.167" classname="company.Area"/>
  <testcase name="company" time="9.23" classname="company.Area"/>
  <testcase name="company" time="9.279" classname="company.Area"/>
  <testcase name="company" time="9.285" classname="company.Area"/>
  <testcase name="company" time="9.343" classname="company.Area"/>
  <testcase name="company" time="9.103" classname="company.Area"/>
  <testcase name="company" time="9.313" classname="company.Area"/>
  <testcase name="company" time="9.328" classname="company.Area"/>
  <testcase name="company" time="9.36" classname="company.Area"/>
  <testcase name="company" time="9.1" classname="company.Area"/>
  <testcase name="company" time="9.344" classname="company.Area"/>
  <testcase name="company" time="9.166" classname="company.Area"/>
  <testcase name="company" time="9.202" classname="company.Area"/>
  <testcase name="company" time="9.249" classname="company.Area"/>
  <testcase name="company" time="9.395" classname="company.Area"/>
  <testcase name="company" time="9.307" classname="company.Area"/>
  <testcase name="company" time="9.444" classname="company.Area"/>
  <testcase name="company" time="9.331" classname="company.Area"/>
  <testcase name="company" time="9.159" classname="company.Area"/>
  <testcase name="company" time="9.179" classname="company.Area"/>
  <testcase name="company" time="9.332" classname="company.Area"/>
  <testcase name="company" time="9.395" classname="company.Area"/>
  <testcase name="company" time="9.46" classname="company.Area"/>
  <testcase name="company" time="9.327" classname="company.Area"/>
  <testcase name="company" time="9.155" classname="company.Area"/>
  <testcase name="company" time="9.412" classname="company.Area"/>
  <testcase name="company" time="9.282" classname="company.Area"/>
  <testcase name="company" time="9.275" classname="company.Area"/>
  <testcase name="company" time="9.287" classname="company.Area"/>
  <testcase name="company" time="9.404" classname="company.Area"/>
  <testcase name="company" time="9.361" classname="company.Area"/>
  <testcase name="company" time="9.361" classname="company.Area"/>
  <testcase name="company" time="9.366" classname="company.Area"/>
  <testcase name="company" time="9.283" classname="company.Area"/>
  <testcase name="company" time="9.165" classname="company.Area"/>
  <testcase name="company" time="9.403" classname="company.Area"/>
  <testcase name="company" time="9.356" classname="company.Area"/>
  <testcase name="company" time="9.332" classname="company.Area"/>
  <testcase name="company" time="9.338" classname="company.Area"/>
  <testcase name="company" time="9.526" classname="company.Area"/>
  <testcase name="company" time="9.396" classname="company.Area"/>
  <testcase name="company" time="9.41" classname="company.Area"/>
  <testcase name="company" time="9.203" classname="company.Area"/>
  <testcase name="company" time="9.217" classname="company.Area"/>
  <testcase name="company" time="9.468" classname="company.Area"/>
  <testcase name="company" time="9.519" classname="company.Area"/>
  <testcase name="company" time="9.382" classname="company.Area"/>
  <testcase name="company" time="9.362" classname="company.Area"/>
  <testcase name="company" time="9.353" classname="company.Area"/>
  <testcase name="company" time="9.4" classname="company.Area"/>
  <testcase name="company" time="9.368" classname="company.Area"/>
  <testcase name="company" time="9.263" classname="company.Area"/>
  <testcase name="company" time="9.373" classname="company.Area"/>
  <testcase name="company" time="9.326" classname="company.Area"/>
  <testcase name="company" time="9.208" classname="company.Area"/>
  <testcase name="company" time="9.399" classname="company.Area"/>
  <testcase name="company" time="9.413" classname="company.Area"/>
  <testcase name="company" time="9.164" classname="company.Area"/>
  <testcase name="company" time="9.405" classname="company.Area"/>
  <testcase name="company" time="9.511" classname="company.Area"/>
  <testcase name="company" time="9.242" classname="company.Area"/>
  <testcase name="company" time="9.398" classname="company.Area"/>
  <testcase name="company" time="9.465" classname="company.Area"/>
  <testcase name="company" time="9.323" classname="company.Area"/>
  <testcase name="company" time="9.26" classname="company.Area"/>
  <testcase name="company" time="9.35" classname="company.Area"/>
  <testcase name="company" time="9.476" classname="company.Area"/>
  <testcase name="company" time="9.383" classname="company.Area"/>
  <testcase name="company" time="9.469" classname="company.Area"/>
  <testcase name="company" time="9.437" classname="company.Area"/>
  <testcase name="company" time="9.256" classname="company.Area"/>
  <testcase name="company" time="9.39" classname="company.Area"/>
  <testcase name="company" time="9.394" classname="company.Area"/>
  <testcase name="company" time="9.446" classname="company.Area"/>
  <testcase name="company" time="9.386" classname="company.Area"/>
  <testcase name="company" time="9.3" classname="company.Area"/>
  <testcase name="company" time="9.363" classname="company.Area"/>
  <testcase name="company" time="9.258" classname="company.Area"/>
  <testcase name="company" time="9.418" classname="company.Area"/>
  <testcase name="company" time="9.488" classname="company.Area"/>
  <testcase name="company" time="9.364" classname="company.Area"/>
  <testcase name="company" time="9.4" classname="company.Area"/>
  <testcase name="company" time="9.471" classname="company.Area"/>
  <testcase name="company" time="9.422" classname="company.Area"/>
  <testcase name="company" time="9.438" classname="company.Area"/>
  <testcase name="company" time="9.261" classname="company.Area"/>
  <testcase name="company" time="9.381" classname="company.Area"/>
  <testcase name="company" time="9.466" classname="company.Area"/>
  <testcase name="company" time="9.442" classname="company.Area"/>
  <testcase name="company" time="9.247" classname="company.Area"/>
  <testcase name="company" time="9.299" classname="company.Area"/>
  <testcase name="company" time="9.242" classname="company.Area"/>
  <testcase name="company" time="9.124" classname="company.Area"/>
  <testcase name="company" time="9.144" classname="company.Area"/>
  <testcase name="company" time="9.741" classname="company.Area"/>
  <testcase name="company" time="8.85" classname="company.Area"/>
  <testcase name="company" time="9.217" classname="company.Area"/>
  <testcase name="company" time="9.325" classname="company.Area"/>
  <testcase name="company" time="9.249" classname="company.Area"/>
  <testcase name="company" time="9.299" classname="company.Area"/>
  <testcase name="company" time="9.391" classname="company.Area"/>
  <testcase name="company" time="9.319" classname="company.Area"/>
  <testcase name="company" time="9.098" classname="company.Area"/>
  <testcase name="company" time="9.387" classname="company.Area"/>
  <testcase name="company" time="9.282" classname="company.Area"/>
  <testcase name="company" time="9.266" classname="company.Area"/>
  <testcase name="company" time="9.282" classname="company.Area"/>
  <testcase name="company" time="9.399" classname="company.Area"/>
  <testcase name="company" time="9.504" classname="company.Area"/>
  <testcase name="company" time="9.218" classname="company.Area"/>
  <testcase name="company" time="9.388" classname="company.Area"/>
  <testcase name="company" time="9.193" classname="company.Area"/>
  <testcase name="company" time="9.209" classname="company.Area"/>
  <testcase name="company" time="9.283" classname="company.Area"/>
  <testcase name="company" time="9.425" classname="company.Area"/>
  <testcase name="company" time="9.365" classname="company.Area"/>
  <testcase name="company" time="9.156" classname="company.Area"/>
  <testcase name="company" time="9.513" classname="company.Area"/>
  <testcase name="company" time="9.666" classname="company.Area"/>
  <testcase name="company" time="9.528" classname="company.Area"/>
  <testcase name="company" time="9.522" classname="company.Area"/>
  <testcase name="company" time="9.324" classname="company.Area"/>
  <testcase name="company" time="9.494" classname="company.Area"/>
  <testcase name="company" time="9.489" classname="company.Area"/>
  <testcase name="company" time="9.408" classname="company.Area"/>
  <testcase name="company" time="9.406" classname="company.Area"/>
[...]
    <skipped/>
  </testcase> <!-- company -->
  <testcase name="company" time="0.0" classname="company.Area">
    <skipped/>
  </testcase> <!-- company -->
  <testcase name="company" time="0.0" classname="company.Area">
    <skipped/>
  </testcase> <!-- company -->
  <testcase name="company" time="0.0" classname="company.Area">
    <skipped/>
  </testcase> <!-- company -->
  <testcase name="company" time="0.0" classname="company.Area">
    <skipped/>
  </testcase> <!-- company -->
  <testcase name="company" time="0.0" classname="company.Area">
    <skipped/>
  </testcase> <!-- company -->
  <testcase name="company" time="0.0" classname="company.Area">
    <skipped/>
  </testcase> <!-- company -->
  <testcase name="company" time="0.0" classname="company.Area">
    <skipped/>
  </testcase> <!-- company -->
  <testcase name="company" time="0.0" classname="company.Area">
    <skipped/>
  </testcase> <!-- company -->
  <testcase name="company" time="0.0" classname="company.Area">
    <skipped/>
  </testcase> <!-- company -->
  <testcase name="company" time="0.0" classname="company.Area">
    <skipped/>
  </testcase> <!-- company -->
  <testcase name="company" time="0.0" classname="company.Area">
    <skipped/>
  </testcase> <!-- company -->
  <testcase name="company" time="0.0" classname="company.Area">
    <skipped/>
  </testcase> <!-- company -->
  <testcase name="company" time="0.0" classname="company.Area">
    <skipped/>
  </testcase> <!-- company -->
  <testcase name="company" time="0.0" classname="company.Area">
    <skipped/>
  </testcase> <!-- company -->
  <testcase name="company" time="0.0" classname="company.Area">
    <skipped/>
  </testcase> <!-- company -->
  <testcase name="company" time="0.0" classname="company.Area">
    <skipped/>
  </testcase> <!-- company -->
  <testcase name="company" time="0.0" classname="company.Area">
    <skipped/>
  </testcase> <!-- company -->
  <testcase name="company" time="0.0" classname="company.Area">
    <skipped/>
  </testcase> <!-- company -->
  <testcase name="company" time="0.0" classname="company.Area">
    <skipped/>
  </testcase> <!-- company -->
  <testcase name="company" time="0.0" classname="company.Area">
    <skipped/>
  </testcase> <!-- company -->
  <testcase name="company" time="0.0" classname="company.Area">
    <skipped/>
  </testcase> <!-- company -->
  <testcase name="company" time="0.0" classname="company.Area">
    <skipped/>
  </testcase> <!-- company -->
  <testcase name="company" time="0.0" classname="company.Area">
    <skipped/>
  </testcase> <!-- company -->
  <testcase name="company" time="0.0" classname="company.Area">
    <skipped/>
  </testcase> <!-- company -->
  <testcase name="company" time="0.0" classname="company.Area">
    <skipped/>
  </testcase> <!-- company -->
  <testcase name="company" time="0.0" classname="company.Area">
    <skipped/>
  </testcase> <!-- company -->
  <testcase name="company" time="0.0" classname="company.Area">
    <skipped/>
  </testcase> <!-- company -->
  <testcase name="company" time="0.0" classname="company.Area">
    <skipped/>
  </testcase> <!-- company -->
  <testcase name="company" time="0.0" classname="company.Area">
    <skipped/>
  </testcase> <!-- company -->
  <testcase name="company" time="0.0" classname="company.Area">
    <skipped/>
  </testcase> <!-- company -->
  <testcase name="company" time="0.0" classname="company.Area">
    <skipped/>
  </testcase> <!-- company -->
  <testcase name="company" time="0.0" classname="company.Area">
    <skipped/>
  </testcase> <!-- company -->
  <testcase name="company" time="0.0" classname="company.Area">
    <skipped/>
  </testcase> <!-- company -->
  <testcase name="company" time="0.0" classname="company.Area">
    <skipped/>
  </testcase> <!-- company -->
  <testcase name="company" time="0.0" classname="company.Area">
    <skipped/>
  </testcase> <!-- company -->
  <testcase name="company" time="0.0" classname="company.Area">
    <skipped/>
  </testcase> <!-- company -->
  <testcase name="company" time="0.0" classname="company.Area">
    <skipped/>
  </testcase> <!-- company -->
  <testcase name="company" time="0.0" classname="company.Area">
    <skipped/>
  </testcase> <!-- company -->
  <testcase name="company" time="0.0" classname="company.Area">
    <skipped/>
  </testcase> <!-- company -->
  <testcase name="company" time="0.0" classname="company.Area">
    <skipped/>
  </testcase> <!-- company -->
  <testcase name="company" time="0.0" classname="company.Area">
    <skipped/>
  </testcase> <!-- company -->
  <testcase name="company" time="0.0" classname="company.Area">
    <skipped/>
  </testcase> <!-- company -->
  <testcase name="company" time="0.0" classname="company.Area">
    <skipped/>
  </testcase> <!-- company -->
  <testcase name="company" time="0.0" classname="company.Area">
    <skipped/>
  </testcase> <!-- company -->
  <testcase name="company" time="0.0" classname="company.Area">
    <skipped/>
  </testcase> <!-- company -->
  <testcase name="company" time="0.0" classname="company.Area">
    <skipped/>
  </testcase> <!-- company -->
  <testcase name="company" time="0.0" classname="company.Area">
    <skipped/>
  </testcase> <!-- company -->
  <testcase name="company" time="0.0" classname="company.Area">
    <skipped/>
  </testcase> <!-- company -->
  <testcase name="company" time="0.0" classname="company.Area">
    <skipped/>
  </testcase> <!-- company -->
  <testcase name="company" time="0.0" classname="company.Area">
    <skipped/>
  </testcase> <!-- company -->
  <testcase name="company" time="0.0" classname="company.Area">
    <skipped/>
  </testcase> <!-- company -->
  <testcase name="company" time="0.0" classname="company.Area">
    <skipped/>
  </testcase> <!-- company -->
  <testcase name="company" time="0.0" classname="company.Area">
    <skipped/>
  </testcase> <!-- company -->
  <testcase name="company" time="0.0" classname="company.Area">
    <skipped/>
  </testcase> <!-- company -->
  <testcase name="company" time="0.0" classname="company.Area">
    <skipped/>
  </testcase> <!-- company -->
  <testcase name="company" time="0.0" classname="company.Area">
    <skipped/>
  </testcase> <!-- company -->
  <testcase name="company" time="0.0" classname="company.Area">
    <skipped/>
  </testcase> <!-- company -->
  <testcase name="company" time="0.0" classname="company.Area">
    <skipped/>
  </testcase> <!-- company -->
  <testcase name="company" time="0.0" classname="company.Area">
    <skipped/>
  </testcase> <!-- company -->
  <testcase name="company" time="0.0" classname="company.Area">
    <skipped/>
  </testcase> <!-- company -->
  <testcase name="company" time="0.0" classname="company.Area">
    <skipped/>
  </testcase> <!-- company -->
  <testcase name="company" time="0.0" classname="company.Area">
    <skipped/>
  </testcase> <!-- company -->
  <testcase name="company" time="0.0" classname="company.Area">
    <skipped/>
  </testcase> <!-- company -->
  <testcase name="company" time="0.0" classname="company.Area">
    <skipped/>
  </testcase> <!-- company -->
  <testcase name="company" time="0.0" classname="company.Area">
    <skipped/>
  </testcase> <!-- company -->
  <testcase name="company" time="0.0" classname="company.Area">
    <skipped/>
  </testcase> <!-- company -->
  <testcase name="company" time="0.0" classname="company.Area">
    <skipped/>
  </testcase> <!-- company -->
  <testcase name="company" time="0.0" classname="company.Area">
    <skipped/>
  </testcase> <!-- company -->
  <testcase name="company" time="0.0" classname="company.Area">
    <skipped/>
  </testcase> <!-- company -->
  <testcase name="company" time="0.0" classname="company.Area">
    <skipped/>
  </testcase> <!-- company -->
  <testcase name="company" time="0.0" classname="company.Area">
    <skipped/>
  </testcase> <!-- company -->
  <testcase name="company" time="0.0" classname="company.Area">
    <skipped/>
  </testcase> <!-- company -->
  <testcase name="company" time="0.0" classname="company.Area">
    <skipped/>
  </testcase> <!-- company -->
  <testcase name="company" time="0.0" classname="company.Area">
    <skipped/>
  </testcase> <!-- company -->
  <testcase name="company" time="0.0" classname="company.Area">
    <skipped/>
  </testcase> <!-- company -->
  <testcase name="company" time="0.0" classname="company.Area">
    <skipped/>
  </testcase> <!-- company -->
  <testcase name="company" time="0.0" classname="company.Area">
    <skipped/>
  </testcase> <!-- company -->
  <testcase name="company" time="0.0" classname="company.Area">
    <skipped/>
  </testcase> <!-- company -->
  <testcase name="company" time="0.0" classname="company.Area">
    <skipped/>
  </testcase> <!-- company -->
  <testcase name="company" time="0.0" classname="company.Area">
    <skipped/>
  </testcase> <!-- company -->
  <testcase name="company" time="0.0" classname="company.Area">
    <skipped/>
  </testcase> <!-- company -->
  <testcase name="company" time="0.0" classname="company.Area">
    <skipped/>
  </testcase> <!-- company -->
  <testcase name="company" time="0.0" classname="company.Area">
    <skipped/>
  </testcase> <!-- company -->
  <testcase name="company" time="0.0" classname="company.Area">
    <skipped/>
  </testcase> <!-- company -->
  <testcase name="company" time="0.0" classname="company.Area">
    <skipped/>
  </testcase> <!-- company -->
  <testcase name="company" time="0.0" classname="company.Area">
    <skipped/>
  </testcase> <!-- company -->
  <testcase name="company" time="0.0" classname="company.Area">
    <skipped/>
  </testcase> <!-- company -->
  <testcase name="company" time="0.0" classname="company.Area">
    <skipped/>
  </testcase> <!-- company -->
  <testcase name="company" time="0.0" classname="company.Area">
    <skipped/>
  </testcase> <!-- company -->
  <testcase name="company" time="0.0" classname="company.Area">
    <skipped/>
  </testcase> <!-- company -->
  <testcase name="company" time="0.0" classname="company.Area">
    <skipped/>
  </testcase> <!-- company -->
  <testcase name="company" time="0.0" classname="company.Area">
    <skipped/>
  </testcase> <!-- company -->
  <testcase name="company" time="0.0" classname="company.Area">
    <skipped/>
  </testcase> <!-- company -->
  <testcase name="company" time="0.0" classname="company.Area">
    <skipped/>
  </testcase> <!-- company -->
  <testcase name="company" time="0.0" classname="company.Area">
    <skipped/>
  </testcase> <!-- company -->
  <testcase name="company" time="0.0" classname="company.Area">
    <skipped/>
  </testcase> <!-- company -->
  <testcase name="company" time="0.0" classname="company.Area">
    <skipped/>
  </testcase> <!-- company -->
  <testcase name="company" time="0.0" classname="company.Area">
    <skipped/>
  </testcase> <!-- company -->
  <testcase name="company" time="0.0" classname="company.Area">
    <skipped/>
  </testcase> <!-- company -->
  <testcase name="company" time="0.0" classname="company.Area">
    <skipped/>
  </testcase> <!-- company -->
  <testcase name="company" time="0.0" classname="company.Area">
    <skipped/>
  </testcase> <!-- company -->
  <testcase name="company" time="0.0" classname="company.Area">
    <skipped/>
  </testcase> <!-- company -->
  <testcase name="company" time="0.0" classname="company.Area">
    <skipped/>
  </testcase> <!-- company -->
  <testcase name="company" time="0.0" classname="company.Area">
    <skipped/>
  </testcase> <!-- company -->
  <testcase name="company" time="0.0" classname="company.Area">
    <skipped/>
  </testcase> <!-- company -->
  <testcase name="company" time="0.0" classname="company.Area">
    <skipped/>
  </testcase> <!-- company -->
  <testcase name="company" time="0.0" classname="company.Area">
    <skipped/>
  </testcase> <!-- company -->
  <testcase name="company" time="0.0" classname="company.Area">
    <skipped/>
  </testcase> <!-- company -->
  <testcase name="company" time="0.0" classname="company.Area">
    <skipped/>
  </testcase> <!-- company -->
  <testcase name="company" time="0.0" classname="company.Area">
    <skipped/>
  </testcase> <!-- company -->
  <testcase name="company" time="0.0" classname="company.Area">
    <skipped/>
  </testcase> <!-- company -->
  <testcase name="company" time="0.0" classname="company.Area">
    <skipped/>
  </testcase> <!-- company -->
  <testcase name="company" time="0.0" classname="company.Area">
    <skipped/>
  </testcase> <!-- company -->
  <testcase name="company" time="0.0" classname="company.Area">
    <skipped/>
  </testcase> <!-- company -->
  <testcase name="company" time="0.0" classname="company.Area">
    <skipped/>
  </testcase> <!-- company -->
  <testcase name="company" time="0.0" classname="company.Area">
    <skipped/>
  </testcase> <!-- company -->
  <testcase name="company" time="0.0" classname="company.Area">
    <skipped/>
  </testcase> <!-- company -->
  <testcase name="company" time="0.0" classname="company.Area">
    <skipped/>
  </testcase> <!-- company -->
  <testcase name="company" time="0.0" classname="company.Area">
    <skipped/>
  </testcase> <!-- company -->
  <testcase name="company" time="0.0" classname="company.Area">
    <skipped/>
  </testcase> <!-- company -->
  <testcase name="company" time="0.0" classname="company.Area">
    <skipped/>
  </testcase> <!-- company -->
  <testcase name="company" time="0.0" classname="company.Area">
    <skipped/>
  </testcase> <!-- company -->
  <testcase name="company" time="0.0" classname="company.Area">
    <skipped/>
  </testcase> <!-- company -->
  <testcase name="company" time="0.0" classname="company.Area">
    <skipped/>
  </testcase> <!-- company -->
  <testcase name="company" time="0.0" classname="company.Area">
    <skipped/>
  </testcase> <!-- company -->
  <testcase name="company" time="0.0" classname="company.Area">
    <skipped/>
  </testcase> <!-- company -->
  <testcase name="company" time="0.0" classname="company.Area">
    <skipped/>
  </testcase> <!-- company -->
  <testcase name="company" time="0.0" classname="company.Area">
    <skipped/>
  </testcase> <!-- company -->
  <testcase name="company" time="0.0" classname="company.Area">
    <skipped/>
  </testcase> <!-- company -->
  <testcase name="company" time="0.0" classname="company.Area">
    <skipped/>
  </testcase> <!-- company -->
  <testcase name="company" time="0.0" classname="company.Area">
    <skipped/>
  </testcase> <!-- company -->
  <testcase name="company" time="0.0" classname="company.Area">
    <skipped/>
  </testcase> <!-- company -->
  <testcase name="company" time="0.0" classname="company.Area">
    <skipped/>
  </testcase> <!-- company -->
  <testcase name="company" time="0.0" classname="company.Area">
    <skipped/>
  </testcase> <!-- company -->
  <testcase name="company" time="0.0" classname="company.Area">
    <skipped/>
  </testcase> <!-- company -->
  <testcase name="company" time="0.0" classname="company.Area">
    <skipped/>
  </testcase> <!-- company -->
  <testcase name="company" time="0.0" classname="company.Area">
    <skipped/>
  </testcase> <!-- company -->
  <testcase name="company" time="0.0" classname="company.Area">
    <skipped/>
  </testcase> <!-- company -->
  <testcase name="company" time="0.0" classname="company.Area">
    <skipped/>
  </testcase> <!-- company -->
  <testcase name="company" time="0.0" classname="company.Area">
    <skipped/>
  </testcase> <!-- company -->
  <testcase name="company" time="0.0" classname="company.Area">
    <skipped/>
  </testcase> <!-- company -->
  <testcase name="company" time="0.0" classname="company.Area">
    <skipped/>
  </testcase> <!-- company -->
  <testcase name="company" time="0.0" classname="company.Area">
    <skipped/>
  </testcase> <!-- company -->
  <testcase name="company" time="0.0" classname="company.Area">
    <skipped/>
  </testcase> <!-- company -->
  <testcase name="company" time="0.0" classname="company.Area">
    <skipped/>
  </testcase> <!-- company -->
  <testcase name="company" time="0.0" classname="company.Area">
    <skipped/>
  </testcase> <!-- company -->
  <testcase name="company" time="0.0" classname="company.Area">
    <skipped/>
  </testcase> <!-- company -->
  <testcase name="company" time="0.0" classname="company.Area">
    <skipped/>
  </testcase> <!-- company -->
  <testcase name="company" time="0.0" classname="company.Area">
    <skipped/>
  </testcase> <!-- company -->
  <testcase name="company" time="0.0" classname="company.Area">
    <skipped/>
  </testcase> <!-- company -->
  <testcase name="company" time="0.0" classname="company.Area">
    <skipped/>
  </testcase> <!-- company -->
  <testcase name="company" time="0.0" classname="company.Area">
    <skipped/>
  </testcase> <!-- company -->
  <testcase name="company" time="0.0" classname="company.Area">
    <skipped/>
  </testcase> <!-- company -->
  <testcase name="company" time="0.0" classname="company.Area">
    <skipped/>
  </testcase> <!-- company -->
  <testcase name="company" time="0.0" classname="company.Area">
    <skipped/>
  </testcase> <!-- company -->
  <testcase name="company" time="0.0" classname="company.Area">
    <skipped/>
  </testcase> <!-- company -->
  <testcase name="company" time="0.0" classname="company.Area">
    <skipped/>
  </testcase> <!-- company -->
  <testcase name="company" time="0.0" classname="company.Area">
    <skipped/>
  </testcase> <!-- company -->
  <testcase name="company" time="0.0" classname="company.Area">
    <skipped/>
  </testcase> <!-- company -->
  <testcase name="company" time="0.0" classname="company.Area">
    <skipped/>
  </testcase> <!-- company -->
  <testcase name="company" time="0.0" classname="company.Area">
    <skipped/>
  </testcase> <!-- company -->
  <testcase name="company" time="0.0" classname="company.Area">
    <skipped/>
  </testcase> <!-- company -->
  <testcase name="company" time="0.0" classname="company.Area">
    <skipped/>
  </testcase> <!-- company -->
  <testcase name="company" time="0.0" classname="company.Area">
    <skipped/>
  </testcase> <!-- company -->
  <testcase name="company" time="0.0" classname="company.Area">
    <skipped/>
  </testcase> <!-- company -->
  <testcase name="company" time="0.0" classname="company.Area">
    <skipped/>
  </testcase> <!-- company -->
  <testcase name="company" time="0.0" classname="company.Area">
    <skipped/>
  </testcase> <!-- company -->
  <testcase name="company" time="0.0" classname="company.Area">
    <skipped/>
  </testcase> <!-- company -->
  <testcase name="company" time="0.0" classname="company.Area">
    <skipped/>
  </testcase> <!-- company -->
  <testcase name="company" time="0.0" classname="company.Area">
    <skipped/>
  </testcase> <!-- company -->
  <testcase name="company" time="0.0" classname="company.Area">
    <skipped/>
  </testcase> <!-- company -->
  <testcase name="company" time="0.0" classname="company.Area">
    <skipped/>
  </testcase> <!-- company -->
  <testcase name="company" time="0.0" classname="company.Area">
    <skipped/>
  </testcase> <!-- company -->
  <testcase name="company" time="0.0" classname="company.Area">
    <skipped/>
  </testcase> <!-- company -->
  <testcase name="company" time="0.0" classname="company.Area">
    <skipped/>
  </testcase> <!-- company -->
  <testcase name="company" time="0.0" classname="company.Area">
    <skipped/>
  </testcase> <!-- company -->
  <testcase name="company" time="0.0" classname="company.Area">
    <skipped/>
  </testcase> <!-- company -->
  <testcase name="company" time="0.0" classname="company.Area">
    <skipped/>
  </testcase> <!-- company -->
  <testcase name="company" time="0.0" classname="company.Area">
    <skipped/>
  </testcase> <!-- company -->
  <testcase name="company" time="0.0" classname="company.Area">
    <skipped/>
  </testcase> <!-- company -->
  <testcase name="company" time="0.0" classname="company.Area">
    <skipped/>
  </testcase> <!-- company -->
</testsuite> <!-- Default test -->
